# JRE version: OpenJDK Runtime Environment Temurin-21.0.9+10 (21.0.9+10) (build 21.0.9+10-LTS)
# Java VM: OpenJDK 64-Bit Server VM Temurin-21.0.9+10 (21.0.9+10-LTS, mixed mode, sharing, tiered, compressed oops, compressed class ptrs, parallel gc, windows-amd64)
GC Precious Log:
 CardTable entry size: 512
 CPUs: 8 total, 8 available
 Memory: 8067M
 Large Page Support: Disabled
 NUMA Support: Disabled
 Compressed Oops: Enabled (32-bit)
 Alignments: Space 512K, Generation 512K, Heap 2M
 Heap Min Capacity: 100M
 Heap Initial Capacity: 100M
 Heap Max Capacity: 2G
 Pre-touch: Disabled
 Parallel Workers: 8
Heap:
 PSYoungGen      total 5632K, used 3685K [0x00000000d5580000, 0x00000000d5d00000, 0x0000000100000000)
  eden space 5120K, 66% used [0x00000000d5580000,0x00000000d58d1690,0x00000000d5a80000)
  from space 512K, 56% used [0x00000000d5c00000,0x00000000d5c48000,0x00000000d5c80000)
  to   space 512K, 0% used [0x00000000d5c80000,0x00000000d5c80000,0x00000000d5d00000)
 ParOldGen       total 1236480K, used 1236186K [0x0000000080000000, 0x00000000cb780000, 0x00000000d5580000)
  object space 1236480K, 99% used [0x0000000080000000,0x00000000cb736980,0x00000000cb780000)
 Metaspace       used 77012K, committed 78656K, reserved 1179648K
  class space    used 7811K, committed 8576K, reserved 1048576K
GC Heap History (20 events):
Event: 129.118 GC heap before
{Heap before GC invocations=2298 (full 4):
 PSYoungGen      total 5632K, used 5344K [0x00000000d5580000, 0x00000000d5c00000, 0x0000000100000000)
  eden space 5120K, 100% used [0x00000000d5580000,0x00000000d5a80000,0x00000000d5a80000)
  from space 512K, 43% used [0x00000000d5a80000,0x00000000d5ab8000,0x00000000d5b00000)
  to   space 512K, 0% used [0x00000000d5b80000,0x00000000d5b80000,0x00000000d5c00000)
 ParOldGen       total 1232896K, used 1232786K [0x0000000080000000, 0x00000000cb400000, 0x00000000d5580000)
  object space 1232896K, 99% used [0x0000000080000000,0x00000000cb3e4a08,0x00000000cb400000)
 Metaspace       used 76780K, committed 78464K, reserved 1179648K
  class space    used 7795K, committed 8576K, reserved 1048576K
}
Event: 129.121 GC heap after
{Heap after GC invocations=2298 (full 4):
 PSYoungGen      total 5632K, used 160K [0x00000000d5580000, 0x00000000d5c00000, 0x0000000100000000)
  eden space 5120K, 0% used [0x00000000d5580000,0x00000000d5580000,0x00000000d5a80000)
  from space 512K, 31% used [0x00000000d5b80000,0x00000000d5ba8000,0x00000000d5c00000)
  to   space 512K, 0% used [0x00000000d5a80000,0x00000000d5a80000,0x00000000d5b00000)
 ParOldGen       total 1232896K, used 1232802K [0x0000000080000000, 0x00000000cb400000, 0x00000000d5580000)
  object space 1232896K, 99% used [0x0000000080000000,0x00000000cb3e8a08,0x00000000cb400000)
 Metaspace       used 76780K, committed 78464K, reserved 1179648K
  class space    used 7795K, committed 8576K, reserved 1048576K
}
Event: 129.195 GC heap before
{Heap before GC invocations=2299 (full 4):
 PSYoungGen      total 5632K, used 5280K [0x00000000d5580000, 0x00000000d5c00000, 0x0000000100000000)
  eden space 5120K, 100% used [0x00000000d5580000,0x00000000d5a80000,0x00000000d5a80000)
  from space 512K, 31% used [0x00000000d5b80000,0x00000000d5ba8000,0x00000000d5c00000)
  to   space 512K, 0% used [0x00000000d5a80000,0x00000000d5a80000,0x00000000d5b00000)
 ParOldGen       total 1232896K, used 1232802K [0x0000000080000000, 0x00000000cb400000, 0x00000000d5580000)
  object space 1232896K, 99% used [0x0000000080000000,0x00000000cb3e8a08,0x00000000cb400000)
 Metaspace       used 76780K, committed 78464K, reserved 1179648K
  class space    used 7795K, committed 8576K, reserved 1048576K
}
Event: 129.197 GC heap after
{Heap after GC invocations=2299 (full 4):
 PSYoungGen      total 5632K, used 128K [0x00000000d5580000, 0x00000000d5c00000, 0x0000000100000000)
  eden space 5120K, 0% used [0x00000000d5580000,0x00000000d5580000,0x00000000d5a80000)
  from space 512K, 25% used [0x00000000d5a80000,0x00000000d5aa0000,0x00000000d5b00000)
  to   space 512K, 0% used [0x00000000d5b80000,0x00000000d5b80000,0x00000000d5c00000)
 ParOldGen       total 1232896K, used 1232834K [0x0000000080000000, 0x00000000cb400000, 0x00000000d5580000)
  object space 1232896K, 99% used [0x0000000080000000,0x00000000cb3f0a08,0x00000000cb400000)
 Metaspace       used 76780K, committed 78464K, reserved 1179648K
  class space    used 7795K, committed 8576K, reserved 1048576K
}
Event: 129.281 GC heap before
{Heap before GC invocations=2300 (full 4):
 PSYoungGen      total 5632K, used 5248K [0x00000000d5580000, 0x00000000d5c00000, 0x0000000100000000)
  eden space 5120K, 100% used [0x00000000d5580000,0x00000000d5a80000,0x00000000d5a80000)
  from space 512K, 25% used [0x00000000d5a80000,0x00000000d5aa0000,0x00000000d5b00000)
  to   space 512K, 0% used [0x00000000d5b80000,0x00000000d5b80000,0x00000000d5c00000)
 ParOldGen       total 1232896K, used 1232834K [0x0000000080000000, 0x00000000cb400000, 0x00000000d5580000)
  object space 1232896K, 99% used [0x0000000080000000,0x00000000cb3f0a08,0x00000000cb400000)
 Metaspace       used 76780K, committed 78464K, reserved 1179648K
  class space    used 7795K, committed 8576K, reserved 1048576K
}
Event: 129.284 GC heap after
{Heap after GC invocations=2300 (full 4):
 PSYoungGen      total 5632K, used 96K [0x00000000d5580000, 0x00000000d5c00000, 0x0000000100000000)
  eden space 5120K, 0% used [0x00000000d5580000,0x00000000d5580000,0x00000000d5a80000)
  from space 512K, 18% used [0x00000000d5b80000,0x00000000d5b98000,0x00000000d5c00000)
  to   space 512K, 0% used [0x00000000d5a80000,0x00000000d5a80000,0x00000000d5b00000)
 ParOldGen       total 1232896K, used 1232834K [0x0000000080000000, 0x00000000cb400000, 0x00000000d5580000)
  object space 1232896K, 99% used [0x0000000080000000,0x00000000cb3f0a08,0x00000000cb400000)
 Metaspace       used 76780K, committed 78464K, reserved 1179648K
  class space    used 7795K, committed 8576K, reserved 1048576K
}
Event: 129.431 GC heap before
{Heap before GC invocations=2301 (full 4):
 PSYoungGen      total 5632K, used 5216K [0x00000000d5580000, 0x00000000d5c00000, 0x0000000100000000)
  eden space 5120K, 100% used [0x00000000d5580000,0x00000000d5a80000,0x00000000d5a80000)
  from space 512K, 18% used [0x00000000d5b80000,0x00000000d5b98000,0x00000000d5c00000)
  to   space 512K, 0% used [0x00000000d5a80000,0x00000000d5a80000,0x00000000d5b00000)
 ParOldGen       total 1232896K, used 1232834K [0x0000000080000000, 0x00000000cb400000, 0x00000000d5580000)
  object space 1232896K, 99% used [0x0000000080000000,0x00000000cb3f0a08,0x00000000cb400000)
 Metaspace       used 76809K, committed 78464K, reserved 1179648K
  class space    used 7795K, committed 8576K, reserved 1048576K
}
Event: 129.439 GC heap after
{Heap after GC invocations=2301 (full 4):
 PSYoungGen      total 5632K, used 512K [0x00000000d5580000, 0x00000000d5e80000, 0x0000000100000000)
  eden space 5120K, 0% used [0x00000000d5580000,0x00000000d5580000,0x00000000d5a80000)
  from space 512K, 100% used [0x00000000d5a80000,0x00000000d5b00000,0x00000000d5b00000)
  to   space 2048K, 0% used [0x00000000d5c80000,0x00000000d5c80000,0x00000000d5e80000)
 ParOldGen       total 1234432K, used 1234074K [0x0000000080000000, 0x00000000cb580000, 0x00000000d5580000)
  object space 1234432K, 99% used [0x0000000080000000,0x00000000cb526a08,0x00000000cb580000)
 Metaspace       used 76809K, committed 78464K, reserved 1179648K
  class space    used 7795K, committed 8576K, reserved 1048576K
}
Event: 129.514 GC heap before
{Heap before GC invocations=2302 (full 4):
 PSYoungGen      total 5632K, used 5615K [0x00000000d5580000, 0x00000000d5e80000, 0x0000000100000000)
  eden space 5120K, 99% used [0x00000000d5580000,0x00000000d5a7bd20,0x00000000d5a80000)
  from space 512K, 100% used [0x00000000d5a80000,0x00000000d5b00000,0x00000000d5b00000)
  to   space 2048K, 0% used [0x00000000d5c80000,0x00000000d5c80000,0x00000000d5e80000)
 ParOldGen       total 1234432K, used 1234074K [0x0000000080000000, 0x00000000cb580000, 0x00000000d5580000)
  object space 1234432K, 99% used [0x0000000080000000,0x00000000cb526a08,0x00000000cb580000)
 Metaspace       used 76834K, committed 78528K, reserved 1179648K
  class space    used 7797K, committed 8576K, reserved 1048576K
}
Event: 129.518 GC heap after
{Heap after GC invocations=2302 (full 4):
 PSYoungGen      total 6144K, used 732K [0x00000000d5580000, 0x00000000d5d80000, 0x0000000100000000)
  eden space 5120K, 0% used [0x00000000d5580000,0x00000000d5580000,0x00000000d5a80000)
  from space 1024K, 71% used [0x00000000d5c80000,0x00000000d5d37168,0x00000000d5d80000)
  to   space 1536K, 0% used [0x00000000d5a80000,0x00000000d5a80000,0x00000000d5c00000)
 ParOldGen       total 1234944K, used 1234610K [0x0000000080000000, 0x00000000cb600000, 0x00000000d5580000)
  object space 1234944K, 99% used [0x0000000080000000,0x00000000cb5aca08,0x00000000cb600000)
 Metaspace       used 76834K, committed 78528K, reserved 1179648K
  class space    used 7797K, committed 8576K, reserved 1048576K
}
Event: 129.562 GC heap before
{Heap before GC invocations=2303 (full 4):
 PSYoungGen      total 6144K, used 5852K [0x00000000d5580000, 0x00000000d5d80000, 0x0000000100000000)
  eden space 5120K, 100% used [0x00000000d5580000,0x00000000d5a80000,0x00000000d5a80000)
  from space 1024K, 71% used [0x00000000d5c80000,0x00000000d5d37168,0x00000000d5d80000)
  to   space 1536K, 0% used [0x00000000d5a80000,0x00000000d5a80000,0x00000000d5c00000)
 ParOldGen       total 1234944K, used 1234610K [0x0000000080000000, 0x00000000cb600000, 0x00000000d5580000)
  object space 1234944K, 99% used [0x0000000080000000,0x00000000cb5aca08,0x00000000cb600000)
 Metaspace       used 76834K, committed 78528K, reserved 1179648K
  class space    used 7797K, committed 8576K, reserved 1048576K
}
Event: 129.566 GC heap after
{Heap after GC invocations=2303 (full 4):
 PSYoungGen      total 6656K, used 160K [0x00000000d5580000, 0x00000000d5d00000, 0x0000000100000000)
  eden space 5120K, 0% used [0x00000000d5580000,0x00000000d5580000,0x00000000d5a80000)
  from space 1536K, 10% used [0x00000000d5a80000,0x00000000d5aa8000,0x00000000d5c00000)
  to   space 512K, 0% used [0x00000000d5c80000,0x00000000d5c80000,0x00000000d5d00000)
 ParOldGen       total 1234944K, used 1234866K [0x0000000080000000, 0x00000000cb600000, 0x00000000d5580000)
  object space 1234944K, 99% used [0x0000000080000000,0x00000000cb5eca28,0x00000000cb600000)
 Metaspace       used 76834K, committed 78528K, reserved 1179648K
  class space    used 7797K, committed 8576K, reserved 1048576K
}
Event: 129.843 GC heap before
{Heap before GC invocations=2304 (full 4):
 PSYoungGen      total 6656K, used 5279K [0x00000000d5580000, 0x00000000d5d00000, 0x0000000100000000)
  eden space 5120K, 99% used [0x00000000d5580000,0x00000000d5a7ffc8,0x00000000d5a80000)
  from space 1536K, 10% used [0x00000000d5a80000,0x00000000d5aa8000,0x00000000d5c00000)
  to   space 512K, 0% used [0x00000000d5c80000,0x00000000d5c80000,0x00000000d5d00000)
 ParOldGen       total 1234944K, used 1234866K [0x0000000080000000, 0x00000000cb600000, 0x00000000d5580000)
  object space 1234944K, 99% used [0x0000000080000000,0x00000000cb5eca28,0x00000000cb600000)
 Metaspace       used 76849K, committed 78528K, reserved 1179648K
  class space    used 7798K, committed 8576K, reserved 1048576K
}
Event: 129.847 GC heap after
{Heap after GC invocations=2304 (full 4):
 PSYoungGen      total 5632K, used 256K [0x00000000d5580000, 0x00000000d5d00000, 0x0000000100000000)
  eden space 5120K, 0% used [0x00000000d5580000,0x00000000d5580000,0x00000000d5a80000)
  from space 512K, 50% used [0x00000000d5c80000,0x00000000d5cc0000,0x00000000d5d00000)
  to   space 512K, 0% used [0x00000000d5c00000,0x00000000d5c00000,0x00000000d5c80000)
 ParOldGen       total 1234944K, used 1234930K [0x0000000080000000, 0x00000000cb600000, 0x00000000d5580000)
  object space 1234944K, 99% used [0x0000000080000000,0x00000000cb5fca28,0x00000000cb600000)
 Metaspace       used 76849K, committed 78528K, reserved 1179648K
  class space    used 7798K, committed 8576K, reserved 1048576K
}
Event: 129.898 GC heap before
{Heap before GC invocations=2305 (full 4):
 PSYoungGen      total 5632K, used 5370K [0x00000000d5580000, 0x00000000d5d00000, 0x0000000100000000)
  eden space 5120K, 99% used [0x00000000d5580000,0x00000000d5a7e810,0x00000000d5a80000)
  from space 512K, 50% used [0x00000000d5c80000,0x00000000d5cc0000,0x00000000d5d00000)
  to   space 512K, 0% used [0x00000000d5c00000,0x00000000d5c00000,0x00000000d5c80000)
 ParOldGen       total 1234944K, used 1234930K [0x0000000080000000, 0x00000000cb600000, 0x00000000d5580000)
  object space 1234944K, 99% used [0x0000000080000000,0x00000000cb5fca28,0x00000000cb600000)
 Metaspace       used 76895K, committed 78592K, reserved 1179648K
  class space    used 7804K, committed 8576K, reserved 1048576K
}
Event: 129.903 GC heap after
{Heap after GC invocations=2305 (full 4):
 PSYoungGen      total 5632K, used 480K [0x00000000d5580000, 0x00000000d5d00000, 0x0000000100000000)
  eden space 5120K, 0% used [0x00000000d5580000,0x00000000d5580000,0x00000000d5a80000)
  from space 512K, 93% used [0x00000000d5c00000,0x00000000d5c78228,0x00000000d5c80000)
  to   space 512K, 0% used [0x00000000d5c80000,0x00000000d5c80000,0x00000000d5d00000)
 ParOldGen       total 1236480K, used 1235954K [0x0000000080000000, 0x00000000cb780000, 0x00000000d5580000)
  object space 1236480K, 99% used [0x0000000080000000,0x00000000cb6fc980,0x00000000cb780000)
 Metaspace       used 76895K, committed 78592K, reserved 1179648K
  class space    used 7804K, committed 8576K, reserved 1048576K
}
Event: 129.935 GC heap before
{Heap before GC invocations=2306 (full 4):
 PSYoungGen      total 5632K, used 5600K [0x00000000d5580000, 0x00000000d5d00000, 0x0000000100000000)
  eden space 5120K, 100% used [0x00000000d5580000,0x00000000d5a80000,0x00000000d5a80000)
  from space 512K, 93% used [0x00000000d5c00000,0x00000000d5c78228,0x00000000d5c80000)
  to   space 512K, 0% used [0x00000000d5c80000,0x00000000d5c80000,0x00000000d5d00000)
 ParOldGen       total 1236480K, used 1235954K [0x0000000080000000, 0x00000000cb780000, 0x00000000d5580000)
  object space 1236480K, 99% used [0x0000000080000000,0x00000000cb6fc980,0x00000000cb780000)
 Metaspace       used 76895K, committed 78592K, reserved 1179648K
  class space    used 7804K, committed 8576K, reserved 1048576K
}
Event: 129.939 GC heap after
{Heap after GC invocations=2306 (full 4):
 PSYoungGen      total 5632K, used 128K [0x00000000d5580000, 0x00000000d5d00000, 0x0000000100000000)
  eden space 5120K, 0% used [0x00000000d5580000,0x00000000d5580000,0x00000000d5a80000)
  from space 512K, 25% used [0x00000000d5c80000,0x00000000d5ca0000,0x00000000d5d00000)
  to   space 512K, 0% used [0x00000000d5c00000,0x00000000d5c00000,0x00000000d5c80000)
 ParOldGen       total 1236480K, used 1236138K [0x0000000080000000, 0x00000000cb780000, 0x00000000d5580000)
  object space 1236480K, 99% used [0x0000000080000000,0x00000000cb72a980,0x00000000cb780000)
 Metaspace       used 76895K, committed 78592K, reserved 1179648K
  class space    used 7804K, committed 8576K, reserved 1048576K
}
Event: 351.555 GC heap before
{Heap before GC invocations=2307 (full 4):
 PSYoungGen      total 5632K, used 5248K [0x00000000d5580000, 0x00000000d5d00000, 0x0000000100000000)
  eden space 5120K, 100% used [0x00000000d5580000,0x00000000d5a80000,0x00000000d5a80000)
  from space 512K, 25% used [0x00000000d5c80000,0x00000000d5ca0000,0x00000000d5d00000)
  to   space 512K, 0% used [0x00000000d5c00000,0x00000000d5c00000,0x00000000d5c80000)
 ParOldGen       total 1236480K, used 1236138K [0x0000000080000000, 0x00000000cb780000, 0x00000000d5580000)
  object space 1236480K, 99% used [0x0000000080000000,0x00000000cb72a980,0x00000000cb780000)
 Metaspace       used 76911K, committed 78592K, reserved 1179648K
  class space    used 7805K, committed 8576K, reserved 1048576K
}
Event: 351.585 GC heap after
{Heap after GC invocations=2307 (full 4):
 PSYoungGen      total 5632K, used 288K [0x00000000d5580000, 0x00000000d5d00000, 0x0000000100000000)
  eden space 5120K, 0% used [0x00000000d5580000,0x00000000d5580000,0x00000000d5a80000)
  from space 512K, 56% used [0x00000000d5c00000,0x00000000d5c48000,0x00000000d5c80000)
  to   space 512K, 0% used [0x00000000d5c80000,0x00000000d5c80000,0x00000000d5d00000)
 ParOldGen       total 1236480K, used 1236186K [0x0000000080000000, 0x00000000cb780000, 0x00000000d5580000)
  object space 1236480K, 99% used [0x0000000080000000,0x00000000cb736980,0x00000000cb780000)
 Metaspace       used 76911K, committed 78592K, reserved 1179648K
  class space    used 7805K, committed 8576K, reserved 1048576K
}

