# JRE version: OpenJDK Runtime Environment Temurin-21.0.9+10 (21.0.9+10) (build 21.0.9+10-LTS)
# Java VM: OpenJDK 64-Bit Server VM Temurin-21.0.9+10 (21.0.9+10-LTS, mixed mode, sharing, tiered, compressed oops, compressed class ptrs, parallel gc, windows-amd64)
GC Precious Log:
 CardTable entry size: 512
 CPUs: 8 total, 8 available
 Memory: 8067M
 Large Page Support: Disabled
 NUMA Support: Disabled
 Compressed Oops: Enabled (32-bit)
 Alignments: Space 512K, Generation 512K, Heap 2M
 Heap Min Capacity: 100M
 Heap Initial Capacity: 100M
 Heap Max Capacity: 2G
 Pre-touch: Disabled
 Parallel Workers: 8
Heap:
 PSYoungGen      total 22016K, used 14989K [0x00000000d5580000, 0x00000000d6d00000, 0x0000000100000000)
  eden space 20992K, 71% used [0x00000000d5580000,0x00000000d64234f8,0x00000000d6a00000)
  from space 1024K, 0% used [0x00000000d6b00000,0x00000000d6b00000,0x00000000d6c00000)
  to   space 512K, 0% used [0x00000000d6c80000,0x00000000d6c80000,0x00000000d6d00000)
 ParOldGen       total 75264K, used 61477K [0x0000000080000000, 0x0000000084980000, 0x00000000d5580000)
  object space 75264K, 81% used [0x0000000080000000,0x0000000083c097f8,0x0000000084980000)
 Metaspace       used 59833K, committed 61312K, reserved 1114112K
  class space    used 6338K, committed 6976K, reserved 1048576K
GC Heap History (20 events):
Event: 49.612 GC heap before
{Heap before GC invocations=55 (full 2):
 PSYoungGen      total 21504K, used 21313K [0x00000000d5580000, 0x00000000d6c00000, 0x0000000100000000)
  eden space 20992K, 100% used [0x00000000d5580000,0x00000000d6a00000,0x00000000d6a00000)
  from space 512K, 62% used [0x00000000d6b80000,0x00000000d6bd0648,0x00000000d6c00000)
  to   space 512K, 0% used [0x00000000d6b00000,0x00000000d6b00000,0x00000000d6b80000)
 ParOldGen       total 71680K, used 71430K [0x0000000080000000, 0x0000000084600000, 0x00000000d5580000)
  object space 71680K, 99% used [0x0000000080000000,0x00000000845c1990,0x0000000084600000)
 Metaspace       used 53473K, committed 54976K, reserved 1114112K
  class space    used 5681K, committed 6336K, reserved 1048576K
}
Event: 49.613 GC heap after
{Heap after GC invocations=55 (full 2):
 PSYoungGen      total 21504K, used 509K [0x00000000d5580000, 0x00000000d6c00000, 0x0000000100000000)
  eden space 20992K, 0% used [0x00000000d5580000,0x00000000d5580000,0x00000000d6a00000)
  from space 512K, 99% used [0x00000000d6b00000,0x00000000d6b7f698,0x00000000d6b80000)
  to   space 512K, 0% used [0x00000000d6b80000,0x00000000d6b80000,0x00000000d6c00000)
 ParOldGen       total 71680K, used 71502K [0x0000000080000000, 0x0000000084600000, 0x00000000d5580000)
  object space 71680K, 99% used [0x0000000080000000,0x00000000845d3990,0x0000000084600000)
 Metaspace       used 53473K, committed 54976K, reserved 1114112K
  class space    used 5681K, committed 6336K, reserved 1048576K
}
Event: 49.832 GC heap before
{Heap before GC invocations=56 (full 2):
 PSYoungGen      total 21504K, used 21501K [0x00000000d5580000, 0x00000000d6c00000, 0x0000000100000000)
  eden space 20992K, 100% used [0x00000000d5580000,0x00000000d6a00000,0x00000000d6a00000)
  from space 512K, 99% used [0x00000000d6b00000,0x00000000d6b7f698,0x00000000d6b80000)
  to   space 512K, 0% used [0x00000000d6b80000,0x00000000d6b80000,0x00000000d6c00000)
 ParOldGen       total 71680K, used 71502K [0x0000000080000000, 0x0000000084600000, 0x00000000d5580000)
  object space 71680K, 99% used [0x0000000080000000,0x00000000845d3990,0x0000000084600000)
 Metaspace       used 53573K, committed 55040K, reserved 1114112K
  class space    used 5693K, committed 6336K, reserved 1048576K
}
Event: 49.835 GC heap after
{Heap after GC invocations=56 (full 2):
 PSYoungGen      total 21504K, used 506K [0x00000000d5580000, 0x00000000d6c00000, 0x0000000100000000)
  eden space 20992K, 0% used [0x00000000d5580000,0x00000000d5580000,0x00000000d6a00000)
  from space 512K, 98% used [0x00000000d6b80000,0x00000000d6bfeb50,0x00000000d6c00000)
  to   space 1024K, 0% used [0x00000000d6a00000,0x00000000d6a00000,0x00000000d6b00000)
 ParOldGen       total 72192K, used 71829K [0x0000000080000000, 0x0000000084680000, 0x00000000d5580000)
  object space 72192K, 99% used [0x0000000080000000,0x0000000084625538,0x0000000084680000)
 Metaspace       used 53573K, committed 55040K, reserved 1114112K
  class space    used 5693K, committed 6336K, reserved 1048576K
}
Event: 49.936 GC heap before
{Heap before GC invocations=57 (full 2):
 PSYoungGen      total 21504K, used 21498K [0x00000000d5580000, 0x00000000d6c00000, 0x0000000100000000)
  eden space 20992K, 100% used [0x00000000d5580000,0x00000000d6a00000,0x00000000d6a00000)
  from space 512K, 98% used [0x00000000d6b80000,0x00000000d6bfeb50,0x00000000d6c00000)
  to   space 1024K, 0% used [0x00000000d6a00000,0x00000000d6a00000,0x00000000d6b00000)
 ParOldGen       total 72192K, used 71829K [0x0000000080000000, 0x0000000084680000, 0x00000000d5580000)
  object space 72192K, 99% used [0x0000000080000000,0x0000000084625538,0x0000000084680000)
 Metaspace       used 53576K, committed 55040K, reserved 1114112K
  class space    used 5693K, committed 6336K, reserved 1048576K
}
Event: 49.938 GC heap after
{Heap after GC invocations=57 (full 2):
 PSYoungGen      total 22016K, used 705K [0x00000000d5580000, 0x00000000d6c00000, 0x0000000100000000)
  eden space 20992K, 0% used [0x00000000d5580000,0x00000000d5580000,0x00000000d6a00000)
  from space 1024K, 68% used [0x00000000d6a00000,0x00000000d6ab06b0,0x00000000d6b00000)
  to   space 1024K, 0% used [0x00000000d6b00000,0x00000000d6b00000,0x00000000d6c00000)
 ParOldGen       total 72192K, used 71925K [0x0000000080000000, 0x0000000084680000, 0x00000000d5580000)
  object space 72192K, 99% used [0x0000000080000000,0x000000008463d538,0x0000000084680000)
 Metaspace       used 53576K, committed 55040K, reserved 1114112K
  class space    used 5693K, committed 6336K, reserved 1048576K
}
Event: 50.212 GC heap before
{Heap before GC invocations=58 (full 2):
 PSYoungGen      total 22016K, used 21697K [0x00000000d5580000, 0x00000000d6c00000, 0x0000000100000000)
  eden space 20992K, 100% used [0x00000000d5580000,0x00000000d6a00000,0x00000000d6a00000)
  from space 1024K, 68% used [0x00000000d6a00000,0x00000000d6ab06b0,0x00000000d6b00000)
  to   space 1024K, 0% used [0x00000000d6b00000,0x00000000d6b00000,0x00000000d6c00000)
 ParOldGen       total 72192K, used 71925K [0x0000000080000000, 0x0000000084680000, 0x00000000d5580000)
  object space 72192K, 99% used [0x0000000080000000,0x000000008463d538,0x0000000084680000)
 Metaspace       used 53710K, committed 55168K, reserved 1114112K
  class space    used 5704K, committed 6336K, reserved 1048576K
}
Event: 50.216 GC heap after
{Heap after GC invocations=58 (full 2):
 PSYoungGen      total 22016K, used 512K [0x00000000d5580000, 0x00000000d6c00000, 0x0000000100000000)
  eden space 20992K, 0% used [0x00000000d5580000,0x00000000d5580000,0x00000000d6a00000)
  from space 1024K, 50% used [0x00000000d6b00000,0x00000000d6b80000,0x00000000d6c00000)
  to   space 1024K, 0% used [0x00000000d6a00000,0x00000000d6a00000,0x00000000d6b00000)
 ParOldGen       total 72704K, used 72389K [0x0000000080000000, 0x0000000084700000, 0x00000000d5580000)
  object space 72704K, 99% used [0x0000000080000000,0x00000000846b1538,0x0000000084700000)
 Metaspace       used 53710K, committed 55168K, reserved 1114112K
  class space    used 5704K, committed 6336K, reserved 1048576K
}
Event: 51.124 GC heap before
{Heap before GC invocations=59 (full 2):
 PSYoungGen      total 22016K, used 21504K [0x00000000d5580000, 0x00000000d6c00000, 0x0000000100000000)
  eden space 20992K, 100% used [0x00000000d5580000,0x00000000d6a00000,0x00000000d6a00000)
  from space 1024K, 50% used [0x00000000d6b00000,0x00000000d6b80000,0x00000000d6c00000)
  to   space 1024K, 0% used [0x00000000d6a00000,0x00000000d6a00000,0x00000000d6b00000)
 ParOldGen       total 72704K, used 72389K [0x0000000080000000, 0x0000000084700000, 0x00000000d5580000)
  object space 72704K, 99% used [0x0000000080000000,0x00000000846b1538,0x0000000084700000)
 Metaspace       used 55773K, committed 57152K, reserved 1114112K
  class space    used 5952K, committed 6592K, reserved 1048576K
}
Event: 51.126 GC heap after
{Heap after GC invocations=59 (full 2):
 PSYoungGen      total 22016K, used 664K [0x00000000d5580000, 0x00000000d6c00000, 0x0000000100000000)
  eden space 20992K, 0% used [0x00000000d5580000,0x00000000d5580000,0x00000000d6a00000)
  from space 1024K, 64% used [0x00000000d6a00000,0x00000000d6aa6350,0x00000000d6b00000)
  to   space 1024K, 0% used [0x00000000d6b00000,0x00000000d6b00000,0x00000000d6c00000)
 ParOldGen       total 73216K, used 72761K [0x0000000080000000, 0x0000000084780000, 0x00000000d5580000)
  object space 73216K, 99% used [0x0000000080000000,0x000000008470e7c8,0x0000000084780000)
 Metaspace       used 55773K, committed 57152K, reserved 1114112K
  class space    used 5952K, committed 6592K, reserved 1048576K
}
Event: 51.944 GC heap before
{Heap before GC invocations=60 (full 2):
 PSYoungGen      total 22016K, used 21656K [0x00000000d5580000, 0x00000000d6c00000, 0x0000000100000000)
  eden space 20992K, 100% used [0x00000000d5580000,0x00000000d6a00000,0x00000000d6a00000)
  from space 1024K, 64% used [0x00000000d6a00000,0x00000000d6aa6350,0x00000000d6b00000)
  to   space 1024K, 0% used [0x00000000d6b00000,0x00000000d6b00000,0x00000000d6c00000)
 ParOldGen       total 73216K, used 72761K [0x0000000080000000, 0x0000000084780000, 0x00000000d5580000)
  object space 73216K, 99% used [0x0000000080000000,0x000000008470e7c8,0x0000000084780000)
 Metaspace       used 56800K, committed 58176K, reserved 1114112K
  class space    used 6065K, committed 6656K, reserved 1048576K
}
Event: 51.946 GC heap after
{Heap after GC invocations=60 (full 2):
 PSYoungGen      total 22016K, used 544K [0x00000000d5580000, 0x00000000d6c00000, 0x0000000100000000)
  eden space 20992K, 0% used [0x00000000d5580000,0x00000000d5580000,0x00000000d6a00000)
  from space 1024K, 53% used [0x00000000d6b00000,0x00000000d6b88010,0x00000000d6c00000)
  to   space 1024K, 0% used [0x00000000d6a00000,0x00000000d6a00000,0x00000000d6b00000)
 ParOldGen       total 73728K, used 73377K [0x0000000080000000, 0x0000000084800000, 0x00000000d5580000)
  object space 73728K, 99% used [0x0000000080000000,0x00000000847a8528,0x0000000084800000)
 Metaspace       used 56800K, committed 58176K, reserved 1114112K
  class space    used 6065K, committed 6656K, reserved 1048576K
}
Event: 52.403 GC heap before
{Heap before GC invocations=61 (full 2):
 PSYoungGen      total 22016K, used 21536K [0x00000000d5580000, 0x00000000d6c00000, 0x0000000100000000)
  eden space 20992K, 100% used [0x00000000d5580000,0x00000000d6a00000,0x00000000d6a00000)
  from space 1024K, 53% used [0x00000000d6b00000,0x00000000d6b88010,0x00000000d6c00000)
  to   space 1024K, 0% used [0x00000000d6a00000,0x00000000d6a00000,0x00000000d6b00000)
 ParOldGen       total 73728K, used 73377K [0x0000000080000000, 0x0000000084800000, 0x00000000d5580000)
  object space 73728K, 99% used [0x0000000080000000,0x00000000847a8528,0x0000000084800000)
 Metaspace       used 57508K, committed 58880K, reserved 1114112K
  class space    used 6117K, committed 6720K, reserved 1048576K
}
Event: 52.406 GC heap after
{Heap after GC invocations=61 (full 2):
 PSYoungGen      total 22016K, used 996K [0x00000000d5580000, 0x00000000d6f00000, 0x0000000100000000)
  eden space 20992K, 0% used [0x00000000d5580000,0x00000000d5580000,0x00000000d6a00000)
  from space 1024K, 97% used [0x00000000d6a00000,0x00000000d6af92a0,0x00000000d6b00000)
  to   space 2560K, 0% used [0x00000000d6c80000,0x00000000d6c80000,0x00000000d6f00000)
 ParOldGen       total 74752K, used 74465K [0x0000000080000000, 0x0000000084900000, 0x00000000d5580000)
  object space 74752K, 99% used [0x0000000080000000,0x00000000848b85e0,0x0000000084900000)
 Metaspace       used 57508K, committed 58880K, reserved 1114112K
  class space    used 6117K, committed 6720K, reserved 1048576K
}
Event: 52.645 GC heap before
{Heap before GC invocations=62 (full 2):
 PSYoungGen      total 22016K, used 21988K [0x00000000d5580000, 0x00000000d6f00000, 0x0000000100000000)
  eden space 20992K, 100% used [0x00000000d5580000,0x00000000d6a00000,0x00000000d6a00000)
  from space 1024K, 97% used [0x00000000d6a00000,0x00000000d6af92a0,0x00000000d6b00000)
  to   space 2560K, 0% used [0x00000000d6c80000,0x00000000d6c80000,0x00000000d6f00000)
 ParOldGen       total 74752K, used 74465K [0x0000000080000000, 0x0000000084900000, 0x00000000d5580000)
  object space 74752K, 99% used [0x0000000080000000,0x00000000848b85e0,0x0000000084900000)
 Metaspace       used 58078K, committed 59456K, reserved 1114112K
  class space    used 6165K, committed 6784K, reserved 1048576K
}
Event: 52.646 GC heap after
{Heap after GC invocations=62 (full 2):
 PSYoungGen      total 21504K, used 320K [0x00000000d5580000, 0x00000000d6d00000, 0x0000000100000000)
  eden space 20992K, 0% used [0x00000000d5580000,0x00000000d5580000,0x00000000d6a00000)
  from space 512K, 62% used [0x00000000d6c80000,0x00000000d6cd0000,0x00000000d6d00000)
  to   space 1024K, 0% used [0x00000000d6b00000,0x00000000d6b00000,0x00000000d6c00000)
 ParOldGen       total 75264K, used 75083K [0x0000000080000000, 0x0000000084980000, 0x00000000d5580000)
  object space 75264K, 99% used [0x0000000080000000,0x0000000084952e50,0x0000000084980000)
 Metaspace       used 58078K, committed 59456K, reserved 1114112K
  class space    used 6165K, committed 6784K, reserved 1048576K
}
Event: 52.686 GC heap before
{Heap before GC invocations=63 (full 2):
 PSYoungGen      total 21504K, used 2419K [0x00000000d5580000, 0x00000000d6d00000, 0x0000000100000000)
  eden space 20992K, 10% used [0x00000000d5580000,0x00000000d578cdf0,0x00000000d6a00000)
  from space 512K, 62% used [0x00000000d6c80000,0x00000000d6cd0000,0x00000000d6d00000)
  to   space 1024K, 0% used [0x00000000d6b00000,0x00000000d6b00000,0x00000000d6c00000)
 ParOldGen       total 75264K, used 75083K [0x0000000080000000, 0x0000000084980000, 0x00000000d5580000)
  object space 75264K, 99% used [0x0000000080000000,0x0000000084952e50,0x0000000084980000)
 Metaspace       used 58385K, committed 59776K, reserved 1114112K
  class space    used 6198K, committed 6848K, reserved 1048576K
}
Event: 52.687 GC heap after
{Heap after GC invocations=63 (full 2):
 PSYoungGen      total 22016K, used 160K [0x00000000d5580000, 0x00000000d6d00000, 0x0000000100000000)
  eden space 20992K, 0% used [0x00000000d5580000,0x00000000d5580000,0x00000000d6a00000)
  from space 1024K, 15% used [0x00000000d6b00000,0x00000000d6b28000,0x00000000d6c00000)
  to   space 512K, 0% used [0x00000000d6c80000,0x00000000d6c80000,0x00000000d6d00000)
 ParOldGen       total 75264K, used 75263K [0x0000000080000000, 0x0000000084980000, 0x00000000d5580000)
  object space 75264K, 99% used [0x0000000080000000,0x000000008497fe60,0x0000000084980000)
 Metaspace       used 58385K, committed 59776K, reserved 1114112K
  class space    used 6198K, committed 6848K, reserved 1048576K
}
Event: 52.687 GC heap before
{Heap before GC invocations=64 (full 3):
 PSYoungGen      total 22016K, used 160K [0x00000000d5580000, 0x00000000d6d00000, 0x0000000100000000)
  eden space 20992K, 0% used [0x00000000d5580000,0x00000000d5580000,0x00000000d6a00000)
  from space 1024K, 15% used [0x00000000d6b00000,0x00000000d6b28000,0x00000000d6c00000)
  to   space 512K, 0% used [0x00000000d6c80000,0x00000000d6c80000,0x00000000d6d00000)
 ParOldGen       total 75264K, used 75263K [0x0000000080000000, 0x0000000084980000, 0x00000000d5580000)
  object space 75264K, 99% used [0x0000000080000000,0x000000008497fe60,0x0000000084980000)
 Metaspace       used 58385K, committed 59776K, reserved 1114112K
  class space    used 6198K, committed 6848K, reserved 1048576K
}
Event: 52.895 GC heap after
{Heap after GC invocations=64 (full 3):
 PSYoungGen      total 22016K, used 0K [0x00000000d5580000, 0x00000000d6d00000, 0x0000000100000000)
  eden space 20992K, 0% used [0x00000000d5580000,0x00000000d5580000,0x00000000d6a00000)
  from space 1024K, 0% used [0x00000000d6b00000,0x00000000d6b00000,0x00000000d6c00000)
  to   space 512K, 0% used [0x00000000d6c80000,0x00000000d6c80000,0x00000000d6d00000)
 ParOldGen       total 75264K, used 61477K [0x0000000080000000, 0x0000000084980000, 0x00000000d5580000)
  object space 75264K, 81% used [0x0000000080000000,0x0000000083c097f8,0x0000000084980000)
 Metaspace       used 58384K, committed 59776K, reserved 1114112K
  class space    used 6198K, committed 6848K, reserved 1048576K
}

