# JRE version: OpenJDK Runtime Environment Temurin-21.0.10+7 (21.0.10+7) (build 21.0.10+7-LTS)
# Java VM: OpenJDK 64-Bit Server VM Temurin-21.0.10+7 (21.0.10+7-LTS, mixed mode, sharing, tiered, compressed oops, compressed class ptrs, parallel gc, windows-amd64)
GC Precious Log:
 CardTable entry size: 512
 CPUs: 8 total, 8 available
 Memory: 8067M
 Large Page Support: Disabled
 NUMA Support: Disabled
 Compressed Oops: Enabled (32-bit)
 Alignments: Space 512K, Generation 512K, Heap 2M
 Heap Min Capacity: 100M
 Heap Initial Capacity: 100M
 Heap Max Capacity: 2G
 Pre-touch: Disabled
 Parallel Workers: 8
Heap:
 PSYoungGen      total 11776K, used 6446K [0x00000000d5580000, 0x00000000d6a80000, 0x0000000100000000)
  eden space 11264K, 52% used [0x00000000d5580000,0x00000000d5b53a90,0x00000000d6080000)
  from space 512K, 93% used [0x00000000d6400000,0x00000000d6478030,0x00000000d6480000)
  to   space 5120K, 0% used [0x00000000d6580000,0x00000000d6580000,0x00000000d6a80000)
 ParOldGen       total 68608K, used 59451K [0x0000000080000000, 0x0000000084300000, 0x00000000d5580000)
  object space 68608K, 86% used [0x0000000080000000,0x0000000083a0ef10,0x0000000084300000)
 Metaspace       used 50561K, committed 51904K, reserved 1114112K
  class space    used 5463K, committed 6016K, reserved 1048576K
GC Heap History (20 events):
Event: 40.866 GC heap before
{Heap before GC invocations=50 (full 2):
 PSYoungGen      total 11776K, used 11392K [0x00000000d5580000, 0x00000000d6500000, 0x0000000100000000)
  eden space 11264K, 100% used [0x00000000d5580000,0x00000000d6080000,0x00000000d6080000)
  from space 512K, 25% used [0x00000000d6400000,0x00000000d6420000,0x00000000d6480000)
  to   space 512K, 0% used [0x00000000d6480000,0x00000000d6480000,0x00000000d6500000)
 ParOldGen       total 68608K, used 54888K [0x0000000080000000, 0x0000000084300000, 0x00000000d5580000)
  object space 68608K, 80% used [0x0000000080000000,0x000000008359a3e0,0x0000000084300000)
 Metaspace       used 48976K, committed 50304K, reserved 1114112K
  class space    used 5289K, committed 5824K, reserved 1048576K
}
Event: 40.866 GC heap after
{Heap after GC invocations=50 (full 2):
 PSYoungGen      total 11776K, used 128K [0x00000000d5580000, 0x00000000d6500000, 0x0000000100000000)
  eden space 11264K, 0% used [0x00000000d5580000,0x00000000d5580000,0x00000000d6080000)
  from space 512K, 25% used [0x00000000d6480000,0x00000000d64a0000,0x00000000d6500000)
  to   space 512K, 0% used [0x00000000d6400000,0x00000000d6400000,0x00000000d6480000)
 ParOldGen       total 68608K, used 54920K [0x0000000080000000, 0x0000000084300000, 0x00000000d5580000)
  object space 68608K, 80% used [0x0000000080000000,0x00000000835a23e0,0x0000000084300000)
 Metaspace       used 48976K, committed 50304K, reserved 1114112K
  class space    used 5289K, committed 5824K, reserved 1048576K
}
Event: 41.280 GC heap before
{Heap before GC invocations=51 (full 2):
 PSYoungGen      total 11776K, used 11392K [0x00000000d5580000, 0x00000000d6500000, 0x0000000100000000)
  eden space 11264K, 100% used [0x00000000d5580000,0x00000000d6080000,0x00000000d6080000)
  from space 512K, 25% used [0x00000000d6480000,0x00000000d64a0000,0x00000000d6500000)
  to   space 512K, 0% used [0x00000000d6400000,0x00000000d6400000,0x00000000d6480000)
 ParOldGen       total 68608K, used 54920K [0x0000000080000000, 0x0000000084300000, 0x00000000d5580000)
  object space 68608K, 80% used [0x0000000080000000,0x00000000835a23e0,0x0000000084300000)
 Metaspace       used 49007K, committed 50304K, reserved 1114112K
  class space    used 5289K, committed 5824K, reserved 1048576K
}
Event: 41.281 GC heap after
{Heap after GC invocations=51 (full 2):
 PSYoungGen      total 11776K, used 320K [0x00000000d5580000, 0x00000000d6500000, 0x0000000100000000)
  eden space 11264K, 0% used [0x00000000d5580000,0x00000000d5580000,0x00000000d6080000)
  from space 512K, 62% used [0x00000000d6400000,0x00000000d6450000,0x00000000d6480000)
  to   space 512K, 0% used [0x00000000d6480000,0x00000000d6480000,0x00000000d6500000)
 ParOldGen       total 68608K, used 54944K [0x0000000080000000, 0x0000000084300000, 0x00000000d5580000)
  object space 68608K, 80% used [0x0000000080000000,0x00000000835a83e0,0x0000000084300000)
 Metaspace       used 49007K, committed 50304K, reserved 1114112K
  class space    used 5289K, committed 5824K, reserved 1048576K
}
Event: 41.754 GC heap before
{Heap before GC invocations=52 (full 2):
 PSYoungGen      total 11776K, used 11584K [0x00000000d5580000, 0x00000000d6500000, 0x0000000100000000)
  eden space 11264K, 100% used [0x00000000d5580000,0x00000000d6080000,0x00000000d6080000)
  from space 512K, 62% used [0x00000000d6400000,0x00000000d6450000,0x00000000d6480000)
  to   space 512K, 0% used [0x00000000d6480000,0x00000000d6480000,0x00000000d6500000)
 ParOldGen       total 68608K, used 54944K [0x0000000080000000, 0x0000000084300000, 0x00000000d5580000)
  object space 68608K, 80% used [0x0000000080000000,0x00000000835a83e0,0x0000000084300000)
 Metaspace       used 49073K, committed 50432K, reserved 1114112K
  class space    used 5303K, committed 5888K, reserved 1048576K
}
Event: 41.755 GC heap after
{Heap after GC invocations=52 (full 2):
 PSYoungGen      total 11776K, used 512K [0x00000000d5580000, 0x00000000d6500000, 0x0000000100000000)
  eden space 11264K, 0% used [0x00000000d5580000,0x00000000d5580000,0x00000000d6080000)
  from space 512K, 100% used [0x00000000d6480000,0x00000000d6500000,0x00000000d6500000)
  to   space 1024K, 0% used [0x00000000d6300000,0x00000000d6300000,0x00000000d6400000)
 ParOldGen       total 68608K, used 55112K [0x0000000080000000, 0x0000000084300000, 0x00000000d5580000)
  object space 68608K, 80% used [0x0000000080000000,0x00000000835d23e0,0x0000000084300000)
 Metaspace       used 49073K, committed 50432K, reserved 1114112K
  class space    used 5303K, committed 5888K, reserved 1048576K
}
Event: 43.528 GC heap before
{Heap before GC invocations=53 (full 2):
 PSYoungGen      total 11776K, used 11776K [0x00000000d5580000, 0x00000000d6500000, 0x0000000100000000)
  eden space 11264K, 100% used [0x00000000d5580000,0x00000000d6080000,0x00000000d6080000)
  from space 512K, 100% used [0x00000000d6480000,0x00000000d6500000,0x00000000d6500000)
  to   space 1024K, 0% used [0x00000000d6300000,0x00000000d6300000,0x00000000d6400000)
 ParOldGen       total 68608K, used 55112K [0x0000000080000000, 0x0000000084300000, 0x00000000d5580000)
  object space 68608K, 80% used [0x0000000080000000,0x00000000835d23e0,0x0000000084300000)
 Metaspace       used 49074K, committed 50432K, reserved 1114112K
  class space    used 5303K, committed 5888K, reserved 1048576K
}
Event: 43.530 GC heap after
{Heap after GC invocations=53 (full 2):
 PSYoungGen      total 12288K, used 96K [0x00000000d5580000, 0x00000000d6500000, 0x0000000100000000)
  eden space 11264K, 0% used [0x00000000d5580000,0x00000000d5580000,0x00000000d6080000)
  from space 1024K, 9% used [0x00000000d6300000,0x00000000d6318000,0x00000000d6400000)
  to   space 512K, 0% used [0x00000000d6480000,0x00000000d6480000,0x00000000d6500000)
 ParOldGen       total 68608K, used 55640K [0x0000000080000000, 0x0000000084300000, 0x00000000d5580000)
  object space 68608K, 81% used [0x0000000080000000,0x00000000836563e0,0x0000000084300000)
 Metaspace       used 49074K, committed 50432K, reserved 1114112K
  class space    used 5303K, committed 5888K, reserved 1048576K
}
Event: 48.525 GC heap before
{Heap before GC invocations=54 (full 2):
 PSYoungGen      total 12288K, used 11360K [0x00000000d5580000, 0x00000000d6500000, 0x0000000100000000)
  eden space 11264K, 100% used [0x00000000d5580000,0x00000000d6080000,0x00000000d6080000)
  from space 1024K, 9% used [0x00000000d6300000,0x00000000d6318000,0x00000000d6400000)
  to   space 512K, 0% used [0x00000000d6480000,0x00000000d6480000,0x00000000d6500000)
 ParOldGen       total 68608K, used 55640K [0x0000000080000000, 0x0000000084300000, 0x00000000d5580000)
  object space 68608K, 81% used [0x0000000080000000,0x00000000836563e0,0x0000000084300000)
 Metaspace       used 49075K, committed 50432K, reserved 1114112K
  class space    used 5303K, committed 5888K, reserved 1048576K
}
Event: 48.526 GC heap after
{Heap after GC invocations=54 (full 2):
 PSYoungGen      total 11776K, used 192K [0x00000000d5580000, 0x00000000d6500000, 0x0000000100000000)
  eden space 11264K, 0% used [0x00000000d5580000,0x00000000d5580000,0x00000000d6080000)
  from space 512K, 37% used [0x00000000d6480000,0x00000000d64b0000,0x00000000d6500000)
  to   space 512K, 0% used [0x00000000d6400000,0x00000000d6400000,0x00000000d6480000)
 ParOldGen       total 68608K, used 55672K [0x0000000080000000, 0x0000000084300000, 0x00000000d5580000)
  object space 68608K, 81% used [0x0000000080000000,0x000000008365e3e0,0x0000000084300000)
 Metaspace       used 49075K, committed 50432K, reserved 1114112K
  class space    used 5303K, committed 5888K, reserved 1048576K
}
Event: 52.151 GC heap before
{Heap before GC invocations=55 (full 2):
 PSYoungGen      total 11776K, used 11456K [0x00000000d5580000, 0x00000000d6500000, 0x0000000100000000)
  eden space 11264K, 100% used [0x00000000d5580000,0x00000000d6080000,0x00000000d6080000)
  from space 512K, 37% used [0x00000000d6480000,0x00000000d64b0000,0x00000000d6500000)
  to   space 512K, 0% used [0x00000000d6400000,0x00000000d6400000,0x00000000d6480000)
 ParOldGen       total 68608K, used 55672K [0x0000000080000000, 0x0000000084300000, 0x00000000d5580000)
  object space 68608K, 81% used [0x0000000080000000,0x000000008365e3e0,0x0000000084300000)
 Metaspace       used 49088K, committed 50432K, reserved 1114112K
  class space    used 5303K, committed 5888K, reserved 1048576K
}
Event: 52.152 GC heap after
{Heap after GC invocations=55 (full 2):
 PSYoungGen      total 11776K, used 128K [0x00000000d5580000, 0x00000000d6500000, 0x0000000100000000)
  eden space 11264K, 0% used [0x00000000d5580000,0x00000000d5580000,0x00000000d6080000)
  from space 512K, 25% used [0x00000000d6400000,0x00000000d6420000,0x00000000d6480000)
  to   space 512K, 0% used [0x00000000d6480000,0x00000000d6480000,0x00000000d6500000)
 ParOldGen       total 68608K, used 55712K [0x0000000080000000, 0x0000000084300000, 0x00000000d5580000)
  object space 68608K, 81% used [0x0000000080000000,0x00000000836683e0,0x0000000084300000)
 Metaspace       used 49088K, committed 50432K, reserved 1114112K
  class space    used 5303K, committed 5888K, reserved 1048576K
}
Event: 53.394 GC heap before
{Heap before GC invocations=56 (full 2):
 PSYoungGen      total 11776K, used 11392K [0x00000000d5580000, 0x00000000d6500000, 0x0000000100000000)
  eden space 11264K, 100% used [0x00000000d5580000,0x00000000d6080000,0x00000000d6080000)
  from space 512K, 25% used [0x00000000d6400000,0x00000000d6420000,0x00000000d6480000)
  to   space 512K, 0% used [0x00000000d6480000,0x00000000d6480000,0x00000000d6500000)
 ParOldGen       total 68608K, used 55712K [0x0000000080000000, 0x0000000084300000, 0x00000000d5580000)
  object space 68608K, 81% used [0x0000000080000000,0x00000000836683e0,0x0000000084300000)
 Metaspace       used 49089K, committed 50432K, reserved 1114112K
  class space    used 5303K, committed 5888K, reserved 1048576K
}
Event: 53.395 GC heap after
{Heap after GC invocations=56 (full 2):
 PSYoungGen      total 11776K, used 160K [0x00000000d5580000, 0x00000000d6500000, 0x0000000100000000)
  eden space 11264K, 0% used [0x00000000d5580000,0x00000000d5580000,0x00000000d6080000)
  from space 512K, 31% used [0x00000000d6480000,0x00000000d64a8000,0x00000000d6500000)
  to   space 512K, 0% used [0x00000000d6400000,0x00000000d6400000,0x00000000d6480000)
 ParOldGen       total 68608K, used 55728K [0x0000000080000000, 0x0000000084300000, 0x00000000d5580000)
  object space 68608K, 81% used [0x0000000080000000,0x000000008366c3e0,0x0000000084300000)
 Metaspace       used 49089K, committed 50432K, reserved 1114112K
  class space    used 5303K, committed 5888K, reserved 1048576K
}
Event: 55.100 GC heap before
{Heap before GC invocations=57 (full 2):
 PSYoungGen      total 11776K, used 11424K [0x00000000d5580000, 0x00000000d6500000, 0x0000000100000000)
  eden space 11264K, 100% used [0x00000000d5580000,0x00000000d6080000,0x00000000d6080000)
  from space 512K, 31% used [0x00000000d6480000,0x00000000d64a8000,0x00000000d6500000)
  to   space 512K, 0% used [0x00000000d6400000,0x00000000d6400000,0x00000000d6480000)
 ParOldGen       total 68608K, used 55728K [0x0000000080000000, 0x0000000084300000, 0x00000000d5580000)
  object space 68608K, 81% used [0x0000000080000000,0x000000008366c3e0,0x0000000084300000)
 Metaspace       used 49092K, committed 50432K, reserved 1114112K
  class space    used 5303K, committed 5888K, reserved 1048576K
}
Event: 55.101 GC heap after
{Heap after GC invocations=57 (full 2):
 PSYoungGen      total 11776K, used 96K [0x00000000d5580000, 0x00000000d6500000, 0x0000000100000000)
  eden space 11264K, 0% used [0x00000000d5580000,0x00000000d5580000,0x00000000d6080000)
  from space 512K, 18% used [0x00000000d6400000,0x00000000d6418000,0x00000000d6480000)
  to   space 512K, 0% used [0x00000000d6480000,0x00000000d6480000,0x00000000d6500000)
 ParOldGen       total 68608K, used 55736K [0x0000000080000000, 0x0000000084300000, 0x00000000d5580000)
  object space 68608K, 81% used [0x0000000080000000,0x000000008366e3e0,0x0000000084300000)
 Metaspace       used 49092K, committed 50432K, reserved 1114112K
  class space    used 5303K, committed 5888K, reserved 1048576K
}
Event: 56.624 GC heap before
{Heap before GC invocations=58 (full 2):
 PSYoungGen      total 11776K, used 11354K [0x00000000d5580000, 0x00000000d6500000, 0x0000000100000000)
  eden space 11264K, 99% used [0x00000000d5580000,0x00000000d607ea18,0x00000000d6080000)
  from space 512K, 18% used [0x00000000d6400000,0x00000000d6418000,0x00000000d6480000)
  to   space 512K, 0% used [0x00000000d6480000,0x00000000d6480000,0x00000000d6500000)
 ParOldGen       total 68608K, used 55743K [0x0000000080000000, 0x0000000084300000, 0x00000000d5580000)
  object space 68608K, 81% used [0x0000000080000000,0x000000008366fe20,0x0000000084300000)
 Metaspace       used 49475K, committed 50816K, reserved 1114112K
  class space    used 5343K, committed 5888K, reserved 1048576K
}
Event: 56.625 GC heap after
{Heap after GC invocations=58 (full 2):
 PSYoungGen      total 11776K, used 416K [0x00000000d5580000, 0x00000000d6500000, 0x0000000100000000)
  eden space 11264K, 0% used [0x00000000d5580000,0x00000000d5580000,0x00000000d6080000)
  from space 512K, 81% used [0x00000000d6480000,0x00000000d64e8000,0x00000000d6500000)
  to   space 512K, 0% used [0x00000000d6400000,0x00000000d6400000,0x00000000d6480000)
 ParOldGen       total 68608K, used 55759K [0x0000000080000000, 0x0000000084300000, 0x00000000d5580000)
  object space 68608K, 81% used [0x0000000080000000,0x0000000083673e20,0x0000000084300000)
 Metaspace       used 49475K, committed 50816K, reserved 1114112K
  class space    used 5343K, committed 5888K, reserved 1048576K
}
Event: 56.892 GC heap before
{Heap before GC invocations=59 (full 2):
 PSYoungGen      total 11776K, used 11680K [0x00000000d5580000, 0x00000000d6500000, 0x0000000100000000)
  eden space 11264K, 100% used [0x00000000d5580000,0x00000000d6080000,0x00000000d6080000)
  from space 512K, 81% used [0x00000000d6480000,0x00000000d64e8000,0x00000000d6500000)
  to   space 512K, 0% used [0x00000000d6400000,0x00000000d6400000,0x00000000d6480000)
 ParOldGen       total 68608K, used 55764K [0x0000000080000000, 0x0000000084300000, 0x00000000d5580000)
  object space 68608K, 81% used [0x0000000080000000,0x0000000083675010,0x0000000084300000)
 Metaspace       used 49986K, committed 51328K, reserved 1114112K
  class space    used 5396K, committed 5952K, reserved 1048576K
}
Event: 56.904 GC heap after
{Heap after GC invocations=59 (full 2):
 PSYoungGen      total 11776K, used 480K [0x00000000d5580000, 0x00000000d6a80000, 0x0000000100000000)
  eden space 11264K, 0% used [0x00000000d5580000,0x00000000d5580000,0x00000000d6080000)
  from space 512K, 93% used [0x00000000d6400000,0x00000000d6478030,0x00000000d6480000)
  to   space 5120K, 0% used [0x00000000d6580000,0x00000000d6580000,0x00000000d6a80000)
 ParOldGen       total 68608K, used 59451K [0x0000000080000000, 0x0000000084300000, 0x00000000d5580000)
  object space 68608K, 86% used [0x0000000080000000,0x0000000083a0ef10,0x0000000084300000)
 Metaspace       used 49986K, committed 51328K, reserved 1114112K
  class space    used 5396K, committed 5952K, reserved 1048576K
}

