# JRE version: OpenJDK Runtime Environment Temurin-21.0.9+10 (21.0.9+10) (build 21.0.9+10-LTS)
# Java VM: OpenJDK 64-Bit Server VM Temurin-21.0.9+10 (21.0.9+10-LTS, mixed mode, sharing, tiered, compressed oops, compressed class ptrs, parallel gc, windows-amd64)
GC Precious Log:
 CardTable entry size: 512
 CPUs: 8 total, 8 available
 Memory: 8067M
 Large Page Support: Disabled
 NUMA Support: Disabled
 Compressed Oops: Enabled (32-bit)
 Alignments: Space 512K, Generation 512K, Heap 2M
 Heap Min Capacity: 100M
 Heap Initial Capacity: 100M
 Heap Max Capacity: 2G
 Pre-touch: Disabled
 Parallel Workers: 8
Heap:
 PSYoungGen      total 7168K, used 6242K [0x00000000d5580000, 0x00000000d5f80000, 0x0000000100000000)
  eden space 6656K, 90% used [0x00000000d5580000,0x00000000d5b68ba8,0x00000000d5c00000)
  from space 512K, 37% used [0x00000000d5e80000,0x00000000d5eb0000,0x00000000d5f00000)
  to   space 512K, 0% used [0x00000000d5f00000,0x00000000d5f00000,0x00000000d5f80000)
 ParOldGen       total 370688K, used 216289K [0x0000000080000000, 0x0000000096a00000, 0x00000000d5580000)
  object space 370688K, 58% used [0x0000000080000000,0x000000008d3387f0,0x0000000096a00000)
 Metaspace       used 75071K, committed 76800K, reserved 1179648K
  class space    used 7593K, committed 8384K, reserved 1048576K
GC Heap History (20 events):
Event: 4198.239 GC heap before
{Heap before GC invocations=300 (full 4):
 PSYoungGen      total 7680K, used 7680K [0x00000000d5580000, 0x00000000d6780000, 0x0000000100000000)
  eden space 4608K, 100% used [0x00000000d5580000,0x00000000d5a00000,0x00000000d5a00000)
  from space 3072K, 100% used [0x00000000d5a00000,0x00000000d5d00000,0x00000000d5d00000)
  to   space 6656K, 0% used [0x00000000d6100000,0x00000000d6100000,0x00000000d6780000)
 ParOldGen       total 370688K, used 207802K [0x0000000080000000, 0x0000000096a00000, 0x00000000d5580000)
  object space 370688K, 56% used [0x0000000080000000,0x000000008caee868,0x0000000096a00000)
 Metaspace       used 74943K, committed 76736K, reserved 1179648K
  class space    used 7592K, committed 8384K, reserved 1048576K
}
Event: 4198.252 GC heap after
{Heap after GC invocations=300 (full 4):
 PSYoungGen      total 9728K, used 3808K [0x00000000d5580000, 0x00000000d6500000, 0x0000000100000000)
  eden space 5632K, 0% used [0x00000000d5580000,0x00000000d5580000,0x00000000d5b00000)
  from space 4096K, 92% used [0x00000000d6100000,0x00000000d64b8000,0x00000000d6500000)
  to   space 4608K, 0% used [0x00000000d5c00000,0x00000000d5c00000,0x00000000d6080000)
 ParOldGen       total 370688K, used 210938K [0x0000000080000000, 0x0000000096a00000, 0x00000000d5580000)
  object space 370688K, 56% used [0x0000000080000000,0x000000008cdfe868,0x0000000096a00000)
 Metaspace       used 74943K, committed 76736K, reserved 1179648K
  class space    used 7592K, committed 8384K, reserved 1048576K
}
Event: 4199.737 GC heap before
{Heap before GC invocations=301 (full 4):
 PSYoungGen      total 9728K, used 9440K [0x00000000d5580000, 0x00000000d6500000, 0x0000000100000000)
  eden space 5632K, 100% used [0x00000000d5580000,0x00000000d5b00000,0x00000000d5b00000)
  from space 4096K, 92% used [0x00000000d6100000,0x00000000d64b8000,0x00000000d6500000)
  to   space 4608K, 0% used [0x00000000d5c00000,0x00000000d5c00000,0x00000000d6080000)
 ParOldGen       total 370688K, used 210938K [0x0000000080000000, 0x0000000096a00000, 0x00000000d5580000)
  object space 370688K, 56% used [0x0000000080000000,0x000000008cdfe868,0x0000000096a00000)
 Metaspace       used 74949K, committed 76736K, reserved 1179648K
  class space    used 7593K, committed 8384K, reserved 1048576K
}
Event: 4199.742 GC heap after
{Heap after GC invocations=301 (full 4):
 PSYoungGen      total 8704K, used 1895K [0x00000000d5580000, 0x00000000d6280000, 0x0000000100000000)
  eden space 6656K, 0% used [0x00000000d5580000,0x00000000d5580000,0x00000000d5c00000)
  from space 2048K, 92% used [0x00000000d5c00000,0x00000000d5dd9d10,0x00000000d5e00000)
  to   space 3072K, 0% used [0x00000000d5f80000,0x00000000d5f80000,0x00000000d6280000)
 ParOldGen       total 370688K, used 214186K [0x0000000080000000, 0x0000000096a00000, 0x00000000d5580000)
  object space 370688K, 57% used [0x0000000080000000,0x000000008d12a868,0x0000000096a00000)
 Metaspace       used 74949K, committed 76736K, reserved 1179648K
  class space    used 7593K, committed 8384K, reserved 1048576K
}
Event: 4199.771 GC heap before
{Heap before GC invocations=302 (full 4):
 PSYoungGen      total 8704K, used 8551K [0x00000000d5580000, 0x00000000d6280000, 0x0000000100000000)
  eden space 6656K, 100% used [0x00000000d5580000,0x00000000d5c00000,0x00000000d5c00000)
  from space 2048K, 92% used [0x00000000d5c00000,0x00000000d5dd9d10,0x00000000d5e00000)
  to   space 3072K, 0% used [0x00000000d5f80000,0x00000000d5f80000,0x00000000d6280000)
 ParOldGen       total 370688K, used 214186K [0x0000000080000000, 0x0000000096a00000, 0x00000000d5580000)
  object space 370688K, 57% used [0x0000000080000000,0x000000008d12a868,0x0000000096a00000)
 Metaspace       used 74966K, committed 76736K, reserved 1179648K
  class space    used 7593K, committed 8384K, reserved 1048576K
}
Event: 4199.774 GC heap after
{Heap after GC invocations=302 (full 4):
 PSYoungGen      total 7168K, used 218K [0x00000000d5580000, 0x00000000d6000000, 0x0000000100000000)
  eden space 6656K, 0% used [0x00000000d5580000,0x00000000d5580000,0x00000000d5c00000)
  from space 512K, 42% used [0x00000000d5f80000,0x00000000d5fb6900,0x00000000d6000000)
  to   space 1024K, 0% used [0x00000000d5e00000,0x00000000d5e00000,0x00000000d5f00000)
 ParOldGen       total 370688K, used 215819K [0x0000000080000000, 0x0000000096a00000, 0x00000000d5580000)
  object space 370688K, 58% used [0x0000000080000000,0x000000008d2c2e98,0x0000000096a00000)
 Metaspace       used 74966K, committed 76736K, reserved 1179648K
  class space    used 7593K, committed 8384K, reserved 1048576K
}
Event: 4381.487 GC heap before
{Heap before GC invocations=303 (full 4):
 PSYoungGen      total 7168K, used 6874K [0x00000000d5580000, 0x00000000d6000000, 0x0000000100000000)
  eden space 6656K, 100% used [0x00000000d5580000,0x00000000d5c00000,0x00000000d5c00000)
  from space 512K, 42% used [0x00000000d5f80000,0x00000000d5fb6900,0x00000000d6000000)
  to   space 1024K, 0% used [0x00000000d5e00000,0x00000000d5e00000,0x00000000d5f00000)
 ParOldGen       total 370688K, used 215819K [0x0000000080000000, 0x0000000096a00000, 0x00000000d5580000)
  object space 370688K, 58% used [0x0000000080000000,0x000000008d2c2e98,0x0000000096a00000)
 Metaspace       used 74985K, committed 76736K, reserved 1179648K
  class space    used 7593K, committed 8384K, reserved 1048576K
}
Event: 4381.490 GC heap after
{Heap after GC invocations=303 (full 4):
 PSYoungGen      total 7680K, used 509K [0x00000000d5580000, 0x00000000d6000000, 0x0000000100000000)
  eden space 6656K, 0% used [0x00000000d5580000,0x00000000d5580000,0x00000000d5c00000)
  from space 1024K, 49% used [0x00000000d5e00000,0x00000000d5e7f500,0x00000000d5f00000)
  to   space 1024K, 0% used [0x00000000d5f00000,0x00000000d5f00000,0x00000000d6000000)
 ParOldGen       total 370688K, used 215851K [0x0000000080000000, 0x0000000096a00000, 0x00000000d5580000)
  object space 370688K, 58% used [0x0000000080000000,0x000000008d2cae98,0x0000000096a00000)
 Metaspace       used 74985K, committed 76736K, reserved 1179648K
  class space    used 7593K, committed 8384K, reserved 1048576K
}
Event: 4383.960 GC heap before
{Heap before GC invocations=304 (full 4):
 PSYoungGen      total 7680K, used 7165K [0x00000000d5580000, 0x00000000d6000000, 0x0000000100000000)
  eden space 6656K, 100% used [0x00000000d5580000,0x00000000d5c00000,0x00000000d5c00000)
  from space 1024K, 49% used [0x00000000d5e00000,0x00000000d5e7f500,0x00000000d5f00000)
  to   space 1024K, 0% used [0x00000000d5f00000,0x00000000d5f00000,0x00000000d6000000)
 ParOldGen       total 370688K, used 215851K [0x0000000080000000, 0x0000000096a00000, 0x00000000d5580000)
  object space 370688K, 58% used [0x0000000080000000,0x000000008d2cae98,0x0000000096a00000)
 Metaspace       used 75006K, committed 76736K, reserved 1179648K
  class space    used 7593K, committed 8384K, reserved 1048576K
}
Event: 4383.961 GC heap after
{Heap after GC invocations=304 (full 4):
 PSYoungGen      total 7168K, used 372K [0x00000000d5580000, 0x00000000d5f80000, 0x0000000100000000)
  eden space 6656K, 0% used [0x00000000d5580000,0x00000000d5580000,0x00000000d5c00000)
  from space 512K, 72% used [0x00000000d5f00000,0x00000000d5f5d200,0x00000000d5f80000)
  to   space 512K, 0% used [0x00000000d5e80000,0x00000000d5e80000,0x00000000d5f00000)
 ParOldGen       total 370688K, used 216129K [0x0000000080000000, 0x0000000096a00000, 0x00000000d5580000)
  object space 370688K, 58% used [0x0000000080000000,0x000000008d3107f0,0x0000000096a00000)
 Metaspace       used 75006K, committed 76736K, reserved 1179648K
  class space    used 7593K, committed 8384K, reserved 1048576K
}
Event: 4383.997 GC heap before
{Heap before GC invocations=305 (full 4):
 PSYoungGen      total 7168K, used 7028K [0x00000000d5580000, 0x00000000d5f80000, 0x0000000100000000)
  eden space 6656K, 100% used [0x00000000d5580000,0x00000000d5c00000,0x00000000d5c00000)
  from space 512K, 72% used [0x00000000d5f00000,0x00000000d5f5d200,0x00000000d5f80000)
  to   space 512K, 0% used [0x00000000d5e80000,0x00000000d5e80000,0x00000000d5f00000)
 ParOldGen       total 370688K, used 216129K [0x0000000080000000, 0x0000000096a00000, 0x00000000d5580000)
  object space 370688K, 58% used [0x0000000080000000,0x000000008d3107f0,0x0000000096a00000)
 Metaspace       used 75015K, committed 76736K, reserved 1179648K
  class space    used 7593K, committed 8384K, reserved 1048576K
}
Event: 4383.999 GC heap after
{Heap after GC invocations=305 (full 4):
 PSYoungGen      total 7168K, used 442K [0x00000000d5580000, 0x00000000d5f80000, 0x0000000100000000)
  eden space 6656K, 0% used [0x00000000d5580000,0x00000000d5580000,0x00000000d5c00000)
  from space 512K, 86% used [0x00000000d5e80000,0x00000000d5eee900,0x00000000d5f00000)
  to   space 512K, 0% used [0x00000000d5f00000,0x00000000d5f00000,0x00000000d5f80000)
 ParOldGen       total 370688K, used 216241K [0x0000000080000000, 0x0000000096a00000, 0x00000000d5580000)
  object space 370688K, 58% used [0x0000000080000000,0x000000008d32c7f0,0x0000000096a00000)
 Metaspace       used 75015K, committed 76736K, reserved 1179648K
  class space    used 7593K, committed 8384K, reserved 1048576K
}
Event: 4384.057 GC heap before
{Heap before GC invocations=306 (full 4):
 PSYoungGen      total 7168K, used 7098K [0x00000000d5580000, 0x00000000d5f80000, 0x0000000100000000)
  eden space 6656K, 100% used [0x00000000d5580000,0x00000000d5c00000,0x00000000d5c00000)
  from space 512K, 86% used [0x00000000d5e80000,0x00000000d5eee900,0x00000000d5f00000)
  to   space 512K, 0% used [0x00000000d5f00000,0x00000000d5f00000,0x00000000d5f80000)
 ParOldGen       total 370688K, used 216241K [0x0000000080000000, 0x0000000096a00000, 0x00000000d5580000)
  object space 370688K, 58% used [0x0000000080000000,0x000000008d32c7f0,0x0000000096a00000)
 Metaspace       used 75015K, committed 76736K, reserved 1179648K
  class space    used 7593K, committed 8384K, reserved 1048576K
}
Event: 4384.058 GC heap after
{Heap after GC invocations=306 (full 4):
 PSYoungGen      total 7168K, used 432K [0x00000000d5580000, 0x00000000d5f80000, 0x0000000100000000)
  eden space 6656K, 0% used [0x00000000d5580000,0x00000000d5580000,0x00000000d5c00000)
  from space 512K, 84% used [0x00000000d5f00000,0x00000000d5f6c010,0x00000000d5f80000)
  to   space 512K, 0% used [0x00000000d5e80000,0x00000000d5e80000,0x00000000d5f00000)
 ParOldGen       total 370688K, used 216241K [0x0000000080000000, 0x0000000096a00000, 0x00000000d5580000)
  object space 370688K, 58% used [0x0000000080000000,0x000000008d32c7f0,0x0000000096a00000)
 Metaspace       used 75015K, committed 76736K, reserved 1179648K
  class space    used 7593K, committed 8384K, reserved 1048576K
}
Event: 4384.121 GC heap before
{Heap before GC invocations=307 (full 4):
 PSYoungGen      total 7168K, used 7088K [0x00000000d5580000, 0x00000000d5f80000, 0x0000000100000000)
  eden space 6656K, 100% used [0x00000000d5580000,0x00000000d5c00000,0x00000000d5c00000)
  from space 512K, 84% used [0x00000000d5f00000,0x00000000d5f6c010,0x00000000d5f80000)
  to   space 512K, 0% used [0x00000000d5e80000,0x00000000d5e80000,0x00000000d5f00000)
 ParOldGen       total 370688K, used 216241K [0x0000000080000000, 0x0000000096a00000, 0x00000000d5580000)
  object space 370688K, 58% used [0x0000000080000000,0x000000008d32c7f0,0x0000000096a00000)
 Metaspace       used 75030K, committed 76800K, reserved 1179648K
  class space    used 7593K, committed 8384K, reserved 1048576K
}
Event: 4384.123 GC heap after
{Heap after GC invocations=307 (full 4):
 PSYoungGen      total 7168K, used 512K [0x00000000d5580000, 0x00000000d5f80000, 0x0000000100000000)
  eden space 6656K, 0% used [0x00000000d5580000,0x00000000d5580000,0x00000000d5c00000)
  from space 512K, 100% used [0x00000000d5e80000,0x00000000d5f00000,0x00000000d5f00000)
  to   space 512K, 0% used [0x00000000d5f00000,0x00000000d5f00000,0x00000000d5f80000)
 ParOldGen       total 370688K, used 216249K [0x0000000080000000, 0x0000000096a00000, 0x00000000d5580000)
  object space 370688K, 58% used [0x0000000080000000,0x000000008d32e7f0,0x0000000096a00000)
 Metaspace       used 75030K, committed 76800K, reserved 1179648K
  class space    used 7593K, committed 8384K, reserved 1048576K
}
Event: 4384.179 GC heap before
{Heap before GC invocations=308 (full 4):
 PSYoungGen      total 7168K, used 7168K [0x00000000d5580000, 0x00000000d5f80000, 0x0000000100000000)
  eden space 6656K, 100% used [0x00000000d5580000,0x00000000d5c00000,0x00000000d5c00000)
  from space 512K, 100% used [0x00000000d5e80000,0x00000000d5f00000,0x00000000d5f00000)
  to   space 512K, 0% used [0x00000000d5f00000,0x00000000d5f00000,0x00000000d5f80000)
 ParOldGen       total 370688K, used 216249K [0x0000000080000000, 0x0000000096a00000, 0x00000000d5580000)
  object space 370688K, 58% used [0x0000000080000000,0x000000008d32e7f0,0x0000000096a00000)
 Metaspace       used 75039K, committed 76800K, reserved 1179648K
  class space    used 7593K, committed 8384K, reserved 1048576K
}
Event: 4384.180 GC heap after
{Heap after GC invocations=308 (full 4):
 PSYoungGen      total 7168K, used 458K [0x00000000d5580000, 0x00000000d5f80000, 0x0000000100000000)
  eden space 6656K, 0% used [0x00000000d5580000,0x00000000d5580000,0x00000000d5c00000)
  from space 512K, 89% used [0x00000000d5f00000,0x00000000d5f72910,0x00000000d5f80000)
  to   space 512K, 0% used [0x00000000d5e80000,0x00000000d5e80000,0x00000000d5f00000)
 ParOldGen       total 370688K, used 216265K [0x0000000080000000, 0x0000000096a00000, 0x00000000d5580000)
  object space 370688K, 58% used [0x0000000080000000,0x000000008d3327f0,0x0000000096a00000)
 Metaspace       used 75039K, committed 76800K, reserved 1179648K
  class space    used 7593K, committed 8384K, reserved 1048576K
}
Event: 4384.276 GC heap before
{Heap before GC invocations=309 (full 4):
 PSYoungGen      total 7168K, used 7114K [0x00000000d5580000, 0x00000000d5f80000, 0x0000000100000000)
  eden space 6656K, 100% used [0x00000000d5580000,0x00000000d5c00000,0x00000000d5c00000)
  from space 512K, 89% used [0x00000000d5f00000,0x00000000d5f72910,0x00000000d5f80000)
  to   space 512K, 0% used [0x00000000d5e80000,0x00000000d5e80000,0x00000000d5f00000)
 ParOldGen       total 370688K, used 216265K [0x0000000080000000, 0x0000000096a00000, 0x00000000d5580000)
  object space 370688K, 58% used [0x0000000080000000,0x000000008d3327f0,0x0000000096a00000)
 Metaspace       used 75049K, committed 76800K, reserved 1179648K
  class space    used 7593K, committed 8384K, reserved 1048576K
}
Event: 4384.278 GC heap after
{Heap after GC invocations=309 (full 4):
 PSYoungGen      total 7168K, used 192K [0x00000000d5580000, 0x00000000d5f80000, 0x0000000100000000)
  eden space 6656K, 0% used [0x00000000d5580000,0x00000000d5580000,0x00000000d5c00000)
  from space 512K, 37% used [0x00000000d5e80000,0x00000000d5eb0000,0x00000000d5f00000)
  to   space 512K, 0% used [0x00000000d5f00000,0x00000000d5f00000,0x00000000d5f80000)
 ParOldGen       total 370688K, used 216289K [0x0000000080000000, 0x0000000096a00000, 0x00000000d5580000)
  object space 370688K, 58% used [0x0000000080000000,0x000000008d3387f0,0x0000000096a00000)
 Metaspace       used 75049K, committed 76800K, reserved 1179648K
  class space    used 7593K, committed 8384K, reserved 1048576K
}

