# JRE version: OpenJDK Runtime Environment Temurin-21.0.10+7 (21.0.10+7) (build 21.0.10+7-LTS)
# Java VM: OpenJDK 64-Bit Server VM Temurin-21.0.10+7 (21.0.10+7-LTS, mixed mode, sharing, tiered, compressed oops, compressed class ptrs, parallel gc, windows-amd64)
GC Precious Log:
 CardTable entry size: 512
 CPUs: 8 total, 8 available
 Memory: 8067M
 Large Page Support: Disabled
 NUMA Support: Disabled
 Compressed Oops: Enabled (32-bit)
 Alignments: Space 512K, Generation 512K, Heap 2M
 Heap Min Capacity: 100M
 Heap Initial Capacity: 100M
 Heap Max Capacity: 2G
 Pre-touch: Disabled
 Parallel Workers: 8
Heap:
 PSYoungGen      total 16384K, used 14151K [0x00000000d5580000, 0x00000000d6680000, 0x0000000100000000)
  eden space 15360K, 86% used [0x00000000d5580000,0x00000000d62824f8,0x00000000d6480000)
  from space 1024K, 81% used [0x00000000d6580000,0x00000000d664fa70,0x00000000d6680000)
  to   space 1024K, 0% used [0x00000000d6480000,0x00000000d6480000,0x00000000d6580000)
 ParOldGen       total 68608K, used 51237K [0x0000000080000000, 0x0000000084300000, 0x00000000d5580000)
  object space 68608K, 74% used [0x0000000080000000,0x0000000083209568,0x0000000084300000)
 Metaspace       used 45935K, committed 46976K, reserved 1114112K
  class space    used 4437K, committed 4928K, reserved 1048576K
GC Heap History (20 events):
Event: 37.410 GC heap before
{Heap before GC invocations=25 (full 2):
 PSYoungGen      total 16896K, used 16817K [0x00000000d5580000, 0x00000000d6a80000, 0x0000000100000000)
  eden space 15360K, 99% used [0x00000000d5580000,0x00000000d6474780,0x00000000d6480000)
  from space 1536K, 97% used [0x00000000d6900000,0x00000000d6a78040,0x00000000d6a80000)
  to   space 2560K, 0% used [0x00000000d6580000,0x00000000d6580000,0x00000000d6800000)
 ParOldGen       total 68608K, used 44573K [0x0000000080000000, 0x0000000084300000, 0x00000000d5580000)
  object space 68608K, 64% used [0x0000000080000000,0x0000000082b875e0,0x0000000084300000)
 Metaspace       used 40995K, committed 42048K, reserved 1114112K
  class space    used 4125K, committed 4544K, reserved 1048576K
}
Event: 37.413 GC heap after
{Heap after GC invocations=25 (full 2):
 PSYoungGen      total 17408K, used 1547K [0x00000000d5580000, 0x00000000d6980000, 0x0000000100000000)
  eden space 15360K, 0% used [0x00000000d5580000,0x00000000d5580000,0x00000000d6480000)
  from space 2048K, 75% used [0x00000000d6580000,0x00000000d6702e80,0x00000000d6780000)
  to   space 2048K, 0% used [0x00000000d6780000,0x00000000d6780000,0x00000000d6980000)
 ParOldGen       total 68608K, used 45929K [0x0000000080000000, 0x0000000084300000, 0x00000000d5580000)
  object space 68608K, 66% used [0x0000000080000000,0x0000000082cda5c0,0x0000000084300000)
 Metaspace       used 40995K, committed 42048K, reserved 1114112K
  class space    used 4125K, committed 4544K, reserved 1048576K
}
Event: 37.604 GC heap before
{Heap before GC invocations=26 (full 2):
 PSYoungGen      total 17408K, used 16907K [0x00000000d5580000, 0x00000000d6980000, 0x0000000100000000)
  eden space 15360K, 100% used [0x00000000d5580000,0x00000000d6480000,0x00000000d6480000)
  from space 2048K, 75% used [0x00000000d6580000,0x00000000d6702e80,0x00000000d6780000)
  to   space 2048K, 0% used [0x00000000d6780000,0x00000000d6780000,0x00000000d6980000)
 ParOldGen       total 68608K, used 45929K [0x0000000080000000, 0x0000000084300000, 0x00000000d5580000)
  object space 68608K, 66% used [0x0000000080000000,0x0000000082cda5c0,0x0000000084300000)
 Metaspace       used 41138K, committed 42176K, reserved 1114112K
  class space    used 4135K, committed 4608K, reserved 1048576K
}
Event: 37.606 GC heap after
{Heap after GC invocations=26 (full 2):
 PSYoungGen      total 16384K, used 745K [0x00000000d5580000, 0x00000000d6880000, 0x0000000100000000)
  eden space 15360K, 0% used [0x00000000d5580000,0x00000000d5580000,0x00000000d6480000)
  from space 1024K, 72% used [0x00000000d6780000,0x00000000d683a700,0x00000000d6880000)
  to   space 1536K, 0% used [0x00000000d6580000,0x00000000d6580000,0x00000000d6700000)
 ParOldGen       total 68608K, used 46884K [0x0000000080000000, 0x0000000084300000, 0x00000000d5580000)
  object space 68608K, 68% used [0x0000000080000000,0x0000000082dc93e0,0x0000000084300000)
 Metaspace       used 41138K, committed 42176K, reserved 1114112K
  class space    used 4135K, committed 4608K, reserved 1048576K
}
Event: 37.798 GC heap before
{Heap before GC invocations=27 (full 2):
 PSYoungGen      total 16384K, used 16105K [0x00000000d5580000, 0x00000000d6880000, 0x0000000100000000)
  eden space 15360K, 100% used [0x00000000d5580000,0x00000000d6480000,0x00000000d6480000)
  from space 1024K, 72% used [0x00000000d6780000,0x00000000d683a700,0x00000000d6880000)
  to   space 1536K, 0% used [0x00000000d6580000,0x00000000d6580000,0x00000000d6700000)
 ParOldGen       total 68608K, used 46884K [0x0000000080000000, 0x0000000084300000, 0x00000000d5580000)
  object space 68608K, 68% used [0x0000000080000000,0x0000000082dc93e0,0x0000000084300000)
 Metaspace       used 41776K, committed 42752K, reserved 1114112K
  class space    used 4184K, committed 4608K, reserved 1048576K
}
Event: 37.800 GC heap after
{Heap after GC invocations=27 (full 2):
 PSYoungGen      total 16896K, used 496K [0x00000000d5580000, 0x00000000d6800000, 0x0000000100000000)
  eden space 15360K, 0% used [0x00000000d5580000,0x00000000d5580000,0x00000000d6480000)
  from space 1536K, 32% used [0x00000000d6580000,0x00000000d65fc010,0x00000000d6700000)
  to   space 1024K, 0% used [0x00000000d6700000,0x00000000d6700000,0x00000000d6800000)
 ParOldGen       total 68608K, used 47037K [0x0000000080000000, 0x0000000084300000, 0x00000000d5580000)
  object space 68608K, 68% used [0x0000000080000000,0x0000000082def6e0,0x0000000084300000)
 Metaspace       used 41776K, committed 42752K, reserved 1114112K
  class space    used 4184K, committed 4608K, reserved 1048576K
}
Event: 39.074 GC heap before
{Heap before GC invocations=28 (full 2):
 PSYoungGen      total 16896K, used 15856K [0x00000000d5580000, 0x00000000d6800000, 0x0000000100000000)
  eden space 15360K, 100% used [0x00000000d5580000,0x00000000d6480000,0x00000000d6480000)
  from space 1536K, 32% used [0x00000000d6580000,0x00000000d65fc010,0x00000000d6700000)
  to   space 1024K, 0% used [0x00000000d6700000,0x00000000d6700000,0x00000000d6800000)
 ParOldGen       total 68608K, used 47037K [0x0000000080000000, 0x0000000084300000, 0x00000000d5580000)
  object space 68608K, 68% used [0x0000000080000000,0x0000000082def6e0,0x0000000084300000)
 Metaspace       used 42899K, committed 43904K, reserved 1114112K
  class space    used 4272K, committed 4736K, reserved 1048576K
}
Event: 39.078 GC heap after
{Heap after GC invocations=28 (full 2):
 PSYoungGen      total 16384K, used 1003K [0x00000000d5580000, 0x00000000d6880000, 0x0000000100000000)
  eden space 15360K, 0% used [0x00000000d5580000,0x00000000d5580000,0x00000000d6480000)
  from space 1024K, 98% used [0x00000000d6700000,0x00000000d67fafa8,0x00000000d6800000)
  to   space 2048K, 0% used [0x00000000d6480000,0x00000000d6480000,0x00000000d6680000)
 ParOldGen       total 68608K, used 47762K [0x0000000080000000, 0x0000000084300000, 0x00000000d5580000)
  object space 68608K, 69% used [0x0000000080000000,0x0000000082ea4880,0x0000000084300000)
 Metaspace       used 42899K, committed 43904K, reserved 1114112K
  class space    used 4272K, committed 4736K, reserved 1048576K
}
Event: 41.076 GC heap before
{Heap before GC invocations=29 (full 2):
 PSYoungGen      total 16384K, used 16363K [0x00000000d5580000, 0x00000000d6880000, 0x0000000100000000)
  eden space 15360K, 100% used [0x00000000d5580000,0x00000000d6480000,0x00000000d6480000)
  from space 1024K, 98% used [0x00000000d6700000,0x00000000d67fafa8,0x00000000d6800000)
  to   space 2048K, 0% used [0x00000000d6480000,0x00000000d6480000,0x00000000d6680000)
 ParOldGen       total 68608K, used 47762K [0x0000000080000000, 0x0000000084300000, 0x00000000d5580000)
  object space 68608K, 69% used [0x0000000080000000,0x0000000082ea4880,0x0000000084300000)
 Metaspace       used 43183K, committed 44160K, reserved 1114112K
  class space    used 4291K, committed 4736K, reserved 1048576K
}
Event: 41.078 GC heap after
{Heap after GC invocations=29 (full 2):
 PSYoungGen      total 16384K, used 657K [0x00000000d5580000, 0x00000000d6780000, 0x0000000100000000)
  eden space 15360K, 0% used [0x00000000d5580000,0x00000000d5580000,0x00000000d6480000)
  from space 1024K, 64% used [0x00000000d6480000,0x00000000d6524608,0x00000000d6580000)
  to   space 1536K, 0% used [0x00000000d6600000,0x00000000d6600000,0x00000000d6780000)
 ParOldGen       total 68608K, used 48774K [0x0000000080000000, 0x0000000084300000, 0x00000000d5580000)
  object space 68608K, 71% used [0x0000000080000000,0x0000000082fa1aa0,0x0000000084300000)
 Metaspace       used 43183K, committed 44160K, reserved 1114112K
  class space    used 4291K, committed 4736K, reserved 1048576K
}
Event: 42.428 GC heap before
{Heap before GC invocations=30 (full 2):
 PSYoungGen      total 16384K, used 16017K [0x00000000d5580000, 0x00000000d6780000, 0x0000000100000000)
  eden space 15360K, 100% used [0x00000000d5580000,0x00000000d6480000,0x00000000d6480000)
  from space 1024K, 64% used [0x00000000d6480000,0x00000000d6524608,0x00000000d6580000)
  to   space 1536K, 0% used [0x00000000d6600000,0x00000000d6600000,0x00000000d6780000)
 ParOldGen       total 68608K, used 48774K [0x0000000080000000, 0x0000000084300000, 0x00000000d5580000)
  object space 68608K, 71% used [0x0000000080000000,0x0000000082fa1aa0,0x0000000084300000)
 Metaspace       used 44410K, committed 45504K, reserved 1114112K
  class space    used 4381K, committed 4864K, reserved 1048576K
}
Event: 42.430 GC heap after
{Heap after GC invocations=30 (full 2):
 PSYoungGen      total 16896K, used 960K [0x00000000d5580000, 0x00000000d6780000, 0x0000000100000000)
  eden space 15360K, 0% used [0x00000000d5580000,0x00000000d5580000,0x00000000d6480000)
  from space 1536K, 62% used [0x00000000d6600000,0x00000000d66f0000,0x00000000d6780000)
  to   space 1536K, 0% used [0x00000000d6480000,0x00000000d6480000,0x00000000d6600000)
 ParOldGen       total 68608K, used 49257K [0x0000000080000000, 0x0000000084300000, 0x00000000d5580000)
  object space 68608K, 71% used [0x0000000080000000,0x000000008301a5e8,0x0000000084300000)
 Metaspace       used 44410K, committed 45504K, reserved 1114112K
  class space    used 4381K, committed 4864K, reserved 1048576K
}
Event: 44.355 GC heap before
{Heap before GC invocations=31 (full 2):
 PSYoungGen      total 16896K, used 16320K [0x00000000d5580000, 0x00000000d6780000, 0x0000000100000000)
  eden space 15360K, 100% used [0x00000000d5580000,0x00000000d6480000,0x00000000d6480000)
  from space 1536K, 62% used [0x00000000d6600000,0x00000000d66f0000,0x00000000d6780000)
  to   space 1536K, 0% used [0x00000000d6480000,0x00000000d6480000,0x00000000d6600000)
 ParOldGen       total 68608K, used 49257K [0x0000000080000000, 0x0000000084300000, 0x00000000d5580000)
  object space 68608K, 71% used [0x0000000080000000,0x000000008301a5e8,0x0000000084300000)
 Metaspace       used 44633K, committed 45696K, reserved 1114112K
  class space    used 4385K, committed 4864K, reserved 1048576K
}
Event: 44.357 GC heap after
{Heap after GC invocations=31 (full 2):
 PSYoungGen      total 16384K, used 544K [0x00000000d5580000, 0x00000000d6680000, 0x0000000100000000)
  eden space 15360K, 0% used [0x00000000d5580000,0x00000000d5580000,0x00000000d6480000)
  from space 1024K, 53% used [0x00000000d6480000,0x00000000d6508000,0x00000000d6580000)
  to   space 1024K, 0% used [0x00000000d6580000,0x00000000d6580000,0x00000000d6680000)
 ParOldGen       total 68608K, used 50083K [0x0000000080000000, 0x0000000084300000, 0x00000000d5580000)
  object space 68608K, 72% used [0x0000000080000000,0x00000000830e8ef8,0x0000000084300000)
 Metaspace       used 44633K, committed 45696K, reserved 1114112K
  class space    used 4385K, committed 4864K, reserved 1048576K
}
Event: 45.531 GC heap before
{Heap before GC invocations=32 (full 2):
 PSYoungGen      total 16384K, used 15904K [0x00000000d5580000, 0x00000000d6680000, 0x0000000100000000)
  eden space 15360K, 100% used [0x00000000d5580000,0x00000000d6480000,0x00000000d6480000)
  from space 1024K, 53% used [0x00000000d6480000,0x00000000d6508000,0x00000000d6580000)
  to   space 1024K, 0% used [0x00000000d6580000,0x00000000d6580000,0x00000000d6680000)
 ParOldGen       total 68608K, used 50083K [0x0000000080000000, 0x0000000084300000, 0x00000000d5580000)
  object space 68608K, 72% used [0x0000000080000000,0x00000000830e8ef8,0x0000000084300000)
 Metaspace       used 45007K, committed 46016K, reserved 1114112K
  class space    used 4387K, committed 4864K, reserved 1048576K
}
Event: 45.532 GC heap after
{Heap after GC invocations=32 (full 2):
 PSYoungGen      total 16384K, used 560K [0x00000000d5580000, 0x00000000d6680000, 0x0000000100000000)
  eden space 15360K, 0% used [0x00000000d5580000,0x00000000d5580000,0x00000000d6480000)
  from space 1024K, 54% used [0x00000000d6580000,0x00000000d660c3c0,0x00000000d6680000)
  to   space 1024K, 0% used [0x00000000d6480000,0x00000000d6480000,0x00000000d6580000)
 ParOldGen       total 68608K, used 50463K [0x0000000080000000, 0x0000000084300000, 0x00000000d5580000)
  object space 68608K, 73% used [0x0000000080000000,0x0000000083147ef0,0x0000000084300000)
 Metaspace       used 45007K, committed 46016K, reserved 1114112K
  class space    used 4387K, committed 4864K, reserved 1048576K
}
Event: 45.980 GC heap before
{Heap before GC invocations=33 (full 2):
 PSYoungGen      total 16384K, used 15915K [0x00000000d5580000, 0x00000000d6680000, 0x0000000100000000)
  eden space 15360K, 99% used [0x00000000d5580000,0x00000000d647e8e0,0x00000000d6480000)
  from space 1024K, 54% used [0x00000000d6580000,0x00000000d660c3c0,0x00000000d6680000)
  to   space 1024K, 0% used [0x00000000d6480000,0x00000000d6480000,0x00000000d6580000)
 ParOldGen       total 68608K, used 50463K [0x0000000080000000, 0x0000000084300000, 0x00000000d5580000)
  object space 68608K, 73% used [0x0000000080000000,0x0000000083147ef0,0x0000000084300000)
 Metaspace       used 45385K, committed 46464K, reserved 1114112K
  class space    used 4420K, committed 4928K, reserved 1048576K
}
Event: 45.982 GC heap after
{Heap after GC invocations=33 (full 2):
 PSYoungGen      total 16384K, used 512K [0x00000000d5580000, 0x00000000d6680000, 0x0000000100000000)
  eden space 15360K, 0% used [0x00000000d5580000,0x00000000d5580000,0x00000000d6480000)
  from space 1024K, 50% used [0x00000000d6480000,0x00000000d6500000,0x00000000d6580000)
  to   space 1024K, 0% used [0x00000000d6580000,0x00000000d6580000,0x00000000d6680000)
 ParOldGen       total 68608K, used 50863K [0x0000000080000000, 0x0000000084300000, 0x00000000d5580000)
  object space 68608K, 74% used [0x0000000080000000,0x00000000831abcc8,0x0000000084300000)
 Metaspace       used 45385K, committed 46464K, reserved 1114112K
  class space    used 4420K, committed 4928K, reserved 1048576K
}
Event: 46.721 GC heap before
{Heap before GC invocations=34 (full 2):
 PSYoungGen      total 16384K, used 15872K [0x00000000d5580000, 0x00000000d6680000, 0x0000000100000000)
  eden space 15360K, 100% used [0x00000000d5580000,0x00000000d6480000,0x00000000d6480000)
  from space 1024K, 50% used [0x00000000d6480000,0x00000000d6500000,0x00000000d6580000)
  to   space 1024K, 0% used [0x00000000d6580000,0x00000000d6580000,0x00000000d6680000)
 ParOldGen       total 68608K, used 50863K [0x0000000080000000, 0x0000000084300000, 0x00000000d5580000)
  object space 68608K, 74% used [0x0000000080000000,0x00000000831abcc8,0x0000000084300000)
 Metaspace       used 45595K, committed 46656K, reserved 1114112K
  class space    used 4428K, committed 4928K, reserved 1048576K
}
Event: 46.723 GC heap after
{Heap after GC invocations=34 (full 2):
 PSYoungGen      total 16384K, used 830K [0x00000000d5580000, 0x00000000d6680000, 0x0000000100000000)
  eden space 15360K, 0% used [0x00000000d5580000,0x00000000d5580000,0x00000000d6480000)
  from space 1024K, 81% used [0x00000000d6580000,0x00000000d664fa70,0x00000000d6680000)
  to   space 1024K, 0% used [0x00000000d6480000,0x00000000d6480000,0x00000000d6580000)
 ParOldGen       total 68608K, used 51237K [0x0000000080000000, 0x0000000084300000, 0x00000000d5580000)
  object space 68608K, 74% used [0x0000000080000000,0x0000000083209568,0x0000000084300000)
 Metaspace       used 45595K, committed 46656K, reserved 1114112K
  class space    used 4428K, committed 4928K, reserved 1048576K
}

