# JRE version: OpenJDK Runtime Environment Temurin-21.0.10+7 (21.0.10+7) (build 21.0.10+7-LTS)
# Java VM: OpenJDK 64-Bit Server VM Temurin-21.0.10+7 (21.0.10+7-LTS, mixed mode, sharing, tiered, compressed oops, compressed class ptrs, parallel gc, windows-amd64)
GC Precious Log:
 CardTable entry size: 512
 CPUs: 8 total, 8 available
 Memory: 8067M
 Large Page Support: Disabled
 NUMA Support: Disabled
 Compressed Oops: Enabled (32-bit)
 Alignments: Space 512K, Generation 512K, Heap 2M
 Heap Min Capacity: 100M
 Heap Initial Capacity: 100M
 Heap Max Capacity: 2G
 Pre-touch: Disabled
 Parallel Workers: 8
Heap:
 PSYoungGen      total 2560K, used 2544K [0x00000000d5580000, 0x00000000d5980000, 0x0000000100000000)
  eden space 2048K, 100% used [0x00000000d5580000,0x00000000d5780000,0x00000000d5780000)
  from space 512K, 96% used [0x00000000d5880000,0x00000000d58fc010,0x00000000d5900000)
  to   space 512K, 97% used [0x00000000d5900000,0x00000000d597d200,0x00000000d5980000)
 ParOldGen       total 410624K, used 410264K [0x0000000080000000, 0x0000000099100000, 0x00000000d5580000)
  object space 410624K, 99% used [0x0000000080000000,0x00000000990a6348,0x0000000099100000)
 Metaspace       used 72193K, committed 73728K, reserved 1179648K
  class space    used 7312K, committed 8000K, reserved 1048576K
GC Heap History (20 events):
Event: 1083.262 GC heap before
{Heap before GC invocations=413 (full 3):
 PSYoungGen      total 3072K, used 3072K [0x00000000d5580000, 0x00000000d5a80000, 0x0000000100000000)
  eden space 2048K, 100% used [0x00000000d5580000,0x00000000d5780000,0x00000000d5780000)
  from space 1024K, 100% used [0x00000000d5880000,0x00000000d5980000,0x00000000d5980000)
  to   space 1024K, 0% used [0x00000000d5980000,0x00000000d5980000,0x00000000d5a80000)
 ParOldGen       total 406528K, used 406436K [0x0000000080000000, 0x0000000098d00000, 0x00000000d5580000)
  object space 406528K, 99% used [0x0000000080000000,0x0000000098ce9378,0x0000000098d00000)
 Metaspace       used 72119K, committed 73664K, reserved 1179648K
  class space    used 7311K, committed 8000K, reserved 1048576K
}
Event: 1083.264 GC heap after
{Heap after GC invocations=413 (full 3):
 PSYoungGen      total 3072K, used 672K [0x00000000d5580000, 0x00000000d5a80000, 0x0000000100000000)
  eden space 2048K, 0% used [0x00000000d5580000,0x00000000d5580000,0x00000000d5780000)
  from space 1024K, 65% used [0x00000000d5980000,0x00000000d5a28000,0x00000000d5a80000)
  to   space 1024K, 0% used [0x00000000d5880000,0x00000000d5880000,0x00000000d5980000)
 ParOldGen       total 407040K, used 406883K [0x0000000080000000, 0x0000000098d80000, 0x00000000d5580000)
  object space 407040K, 99% used [0x0000000080000000,0x0000000098d58f20,0x0000000098d80000)
 Metaspace       used 72119K, committed 73664K, reserved 1179648K
  class space    used 7311K, committed 8000K, reserved 1048576K
}
Event: 1083.293 GC heap before
{Heap before GC invocations=414 (full 3):
 PSYoungGen      total 3072K, used 2720K [0x00000000d5580000, 0x00000000d5a80000, 0x0000000100000000)
  eden space 2048K, 100% used [0x00000000d5580000,0x00000000d5780000,0x00000000d5780000)
  from space 1024K, 65% used [0x00000000d5980000,0x00000000d5a28000,0x00000000d5a80000)
  to   space 1024K, 0% used [0x00000000d5880000,0x00000000d5880000,0x00000000d5980000)
 ParOldGen       total 407040K, used 406883K [0x0000000080000000, 0x0000000098d80000, 0x00000000d5580000)
  object space 407040K, 99% used [0x0000000080000000,0x0000000098d58f20,0x0000000098d80000)
 Metaspace       used 72119K, committed 73664K, reserved 1179648K
  class space    used 7311K, committed 8000K, reserved 1048576K
}
Event: 1083.297 GC heap after
{Heap after GC invocations=414 (full 3):
 PSYoungGen      total 3072K, used 896K [0x00000000d5580000, 0x00000000d5a00000, 0x0000000100000000)
  eden space 2048K, 0% used [0x00000000d5580000,0x00000000d5580000,0x00000000d5780000)
  from space 1024K, 87% used [0x00000000d5880000,0x00000000d5960000,0x00000000d5980000)
  to   space 512K, 0% used [0x00000000d5980000,0x00000000d5980000,0x00000000d5a00000)
 ParOldGen       total 407552K, used 407485K [0x0000000080000000, 0x0000000098e00000, 0x00000000d5580000)
  object space 407552K, 99% used [0x0000000080000000,0x0000000098def538,0x0000000098e00000)
 Metaspace       used 72119K, committed 73664K, reserved 1179648K
  class space    used 7311K, committed 8000K, reserved 1048576K
}
Event: 1083.347 GC heap before
{Heap before GC invocations=415 (full 3):
 PSYoungGen      total 3072K, used 2944K [0x00000000d5580000, 0x00000000d5a00000, 0x0000000100000000)
  eden space 2048K, 100% used [0x00000000d5580000,0x00000000d5780000,0x00000000d5780000)
  from space 1024K, 87% used [0x00000000d5880000,0x00000000d5960000,0x00000000d5980000)
  to   space 512K, 0% used [0x00000000d5980000,0x00000000d5980000,0x00000000d5a00000)
 ParOldGen       total 407552K, used 407485K [0x0000000080000000, 0x0000000098e00000, 0x00000000d5580000)
  object space 407552K, 99% used [0x0000000080000000,0x0000000098def538,0x0000000098e00000)
 Metaspace       used 72126K, committed 73664K, reserved 1179648K
  class space    used 7311K, committed 8000K, reserved 1048576K
}
Event: 1083.352 GC heap after
{Heap after GC invocations=415 (full 3):
 PSYoungGen      total 2560K, used 512K [0x00000000d5580000, 0x00000000d5b80000, 0x0000000100000000)
  eden space 2048K, 0% used [0x00000000d5580000,0x00000000d5580000,0x00000000d5780000)
  from space 512K, 100% used [0x00000000d5980000,0x00000000d5a00000,0x00000000d5a00000)
  to   space 2048K, 0% used [0x00000000d5780000,0x00000000d5780000,0x00000000d5980000)
 ParOldGen       total 408576K, used 408413K [0x0000000080000000, 0x0000000098f00000, 0x00000000d5580000)
  object space 408576K, 99% used [0x0000000080000000,0x0000000098ed7548,0x0000000098f00000)
 Metaspace       used 72126K, committed 73664K, reserved 1179648K
  class space    used 7311K, committed 8000K, reserved 1048576K
}
Event: 1085.154 GC heap before
{Heap before GC invocations=416 (full 3):
 PSYoungGen      total 2560K, used 2557K [0x00000000d5580000, 0x00000000d5b80000, 0x0000000100000000)
  eden space 2048K, 99% used [0x00000000d5580000,0x00000000d577f7b8,0x00000000d5780000)
  from space 512K, 100% used [0x00000000d5980000,0x00000000d5a00000,0x00000000d5a00000)
  to   space 2048K, 0% used [0x00000000d5780000,0x00000000d5780000,0x00000000d5980000)
 ParOldGen       total 408576K, used 408413K [0x0000000080000000, 0x0000000098f00000, 0x00000000d5580000)
  object space 408576K, 99% used [0x0000000080000000,0x0000000098ed7548,0x0000000098f00000)
 Metaspace       used 72137K, committed 73664K, reserved 1179648K
  class space    used 7311K, committed 8000K, reserved 1048576K
}
Event: 1085.158 GC heap after
{Heap after GC invocations=416 (full 3):
 PSYoungGen      total 3072K, used 532K [0x00000000d5580000, 0x00000000d5a00000, 0x0000000100000000)
  eden space 2048K, 0% used [0x00000000d5580000,0x00000000d5580000,0x00000000d5780000)
  from space 1024K, 52% used [0x00000000d5780000,0x00000000d5805200,0x00000000d5880000)
  to   space 1024K, 0% used [0x00000000d5900000,0x00000000d5900000,0x00000000d5a00000)
 ParOldGen       total 409088K, used 408948K [0x0000000080000000, 0x0000000098f80000, 0x00000000d5580000)
  object space 409088K, 99% used [0x0000000080000000,0x0000000098f5d0f0,0x0000000098f80000)
 Metaspace       used 72137K, committed 73664K, reserved 1179648K
  class space    used 7311K, committed 8000K, reserved 1048576K
}
Event: 1085.172 GC heap before
{Heap before GC invocations=417 (full 3):
 PSYoungGen      total 3072K, used 2580K [0x00000000d5580000, 0x00000000d5a00000, 0x0000000100000000)
  eden space 2048K, 99% used [0x00000000d5580000,0x00000000d577fff0,0x00000000d5780000)
  from space 1024K, 52% used [0x00000000d5780000,0x00000000d5805200,0x00000000d5880000)
  to   space 1024K, 0% used [0x00000000d5900000,0x00000000d5900000,0x00000000d5a00000)
 ParOldGen       total 409088K, used 408948K [0x0000000080000000, 0x0000000098f80000, 0x00000000d5580000)
  object space 409088K, 99% used [0x0000000080000000,0x0000000098f5d0f0,0x0000000098f80000)
 Metaspace       used 72137K, committed 73664K, reserved 1179648K
  class space    used 7311K, committed 8000K, reserved 1048576K
}
Event: 1085.175 GC heap after
{Heap after GC invocations=417 (full 3):
 PSYoungGen      total 3072K, used 560K [0x00000000d5580000, 0x00000000d5a00000, 0x0000000100000000)
  eden space 2048K, 0% used [0x00000000d5580000,0x00000000d5580000,0x00000000d5780000)
  from space 1024K, 54% used [0x00000000d5900000,0x00000000d598c010,0x00000000d5a00000)
  to   space 1024K, 0% used [0x00000000d5780000,0x00000000d5780000,0x00000000d5880000)
 ParOldGen       total 409600K, used 409399K [0x0000000080000000, 0x0000000099000000, 0x00000000d5580000)
  object space 409600K, 99% used [0x0000000080000000,0x0000000098fcdf28,0x0000000099000000)
 Metaspace       used 72137K, committed 73664K, reserved 1179648K
  class space    used 7311K, committed 8000K, reserved 1048576K
}
Event: 1085.201 GC heap before
{Heap before GC invocations=418 (full 3):
 PSYoungGen      total 3072K, used 2608K [0x00000000d5580000, 0x00000000d5a00000, 0x0000000100000000)
  eden space 2048K, 100% used [0x00000000d5580000,0x00000000d5780000,0x00000000d5780000)
  from space 1024K, 54% used [0x00000000d5900000,0x00000000d598c010,0x00000000d5a00000)
  to   space 1024K, 0% used [0x00000000d5780000,0x00000000d5780000,0x00000000d5880000)
 ParOldGen       total 409600K, used 409399K [0x0000000080000000, 0x0000000099000000, 0x00000000d5580000)
  object space 409600K, 99% used [0x0000000080000000,0x0000000098fcdf28,0x0000000099000000)
 Metaspace       used 72150K, committed 73664K, reserved 1179648K
  class space    used 7311K, committed 8000K, reserved 1048576K
}
Event: 1085.203 GC heap after
{Heap after GC invocations=418 (full 3):
 PSYoungGen      total 3072K, used 276K [0x00000000d5580000, 0x00000000d5980000, 0x0000000100000000)
  eden space 2048K, 0% used [0x00000000d5580000,0x00000000d5580000,0x00000000d5780000)
  from space 1024K, 27% used [0x00000000d5780000,0x00000000d57c5200,0x00000000d5880000)
  to   space 512K, 0% used [0x00000000d5900000,0x00000000d5900000,0x00000000d5980000)
 ParOldGen       total 409600K, used 409423K [0x0000000080000000, 0x0000000099000000, 0x00000000d5580000)
  object space 409600K, 99% used [0x0000000080000000,0x0000000098fd3f28,0x0000000099000000)
 Metaspace       used 72150K, committed 73664K, reserved 1179648K
  class space    used 7311K, committed 8000K, reserved 1048576K
}
Event: 1085.217 GC heap before
{Heap before GC invocations=419 (full 3):
 PSYoungGen      total 3072K, used 2324K [0x00000000d5580000, 0x00000000d5980000, 0x0000000100000000)
  eden space 2048K, 99% used [0x00000000d5580000,0x00000000d577ffe8,0x00000000d5780000)
  from space 1024K, 27% used [0x00000000d5780000,0x00000000d57c5200,0x00000000d5880000)
  to   space 512K, 0% used [0x00000000d5900000,0x00000000d5900000,0x00000000d5980000)
 ParOldGen       total 409600K, used 409423K [0x0000000080000000, 0x0000000099000000, 0x00000000d5580000)
  object space 409600K, 99% used [0x0000000080000000,0x0000000098fd3f28,0x0000000099000000)
 Metaspace       used 72157K, committed 73664K, reserved 1179648K
  class space    used 7312K, committed 8000K, reserved 1048576K
}
Event: 1085.219 GC heap after
{Heap after GC invocations=419 (full 3):
 PSYoungGen      total 2560K, used 512K [0x00000000d5580000, 0x00000000d5980000, 0x0000000100000000)
  eden space 2048K, 0% used [0x00000000d5580000,0x00000000d5580000,0x00000000d5780000)
  from space 512K, 100% used [0x00000000d5900000,0x00000000d5980000,0x00000000d5980000)
  to   space 1024K, 0% used [0x00000000d5780000,0x00000000d5780000,0x00000000d5880000)
 ParOldGen       total 409600K, used 409532K [0x0000000080000000, 0x0000000099000000, 0x00000000d5580000)
  object space 409600K, 99% used [0x0000000080000000,0x0000000098fef128,0x0000000099000000)
 Metaspace       used 72157K, committed 73664K, reserved 1179648K
  class space    used 7312K, committed 8000K, reserved 1048576K
}
Event: 1142.644 GC heap before
{Heap before GC invocations=420 (full 3):
 PSYoungGen      total 2560K, used 2559K [0x00000000d5580000, 0x00000000d5980000, 0x0000000100000000)
  eden space 2048K, 99% used [0x00000000d5580000,0x00000000d577ff90,0x00000000d5780000)
  from space 512K, 100% used [0x00000000d5900000,0x00000000d5980000,0x00000000d5980000)
  to   space 1024K, 0% used [0x00000000d5780000,0x00000000d5780000,0x00000000d5880000)
 ParOldGen       total 409600K, used 409532K [0x0000000080000000, 0x0000000099000000, 0x00000000d5580000)
  object space 409600K, 99% used [0x0000000080000000,0x0000000098fef128,0x0000000099000000)
 Metaspace       used 72185K, committed 73728K, reserved 1179648K
  class space    used 7312K, committed 8000K, reserved 1048576K
}
Event: 1142.648 GC heap after
{Heap after GC invocations=420 (full 3):
 PSYoungGen      total 3072K, used 224K [0x00000000d5580000, 0x00000000d5980000, 0x0000000100000000)
  eden space 2048K, 0% used [0x00000000d5580000,0x00000000d5580000,0x00000000d5780000)
  from space 1024K, 21% used [0x00000000d5780000,0x00000000d57b8000,0x00000000d5880000)
  to   space 512K, 0% used [0x00000000d5900000,0x00000000d5900000,0x00000000d5980000)
 ParOldGen       total 409600K, used 409580K [0x0000000080000000, 0x0000000099000000, 0x00000000d5580000)
  object space 409600K, 99% used [0x0000000080000000,0x0000000098ffb128,0x0000000099000000)
 Metaspace       used 72185K, committed 73728K, reserved 1179648K
  class space    used 7312K, committed 8000K, reserved 1048576K
}
Event: 1255.199 GC heap before
{Heap before GC invocations=421 (full 3):
 PSYoungGen      total 3072K, used 2272K [0x00000000d5580000, 0x00000000d5980000, 0x0000000100000000)
  eden space 2048K, 100% used [0x00000000d5580000,0x00000000d5780000,0x00000000d5780000)
  from space 1024K, 21% used [0x00000000d5780000,0x00000000d57b8000,0x00000000d5880000)
  to   space 512K, 0% used [0x00000000d5900000,0x00000000d5900000,0x00000000d5980000)
 ParOldGen       total 409600K, used 409580K [0x0000000080000000, 0x0000000099000000, 0x00000000d5580000)
  object space 409600K, 99% used [0x0000000080000000,0x0000000098ffb128,0x0000000099000000)
 Metaspace       used 72188K, committed 73728K, reserved 1179648K
  class space    used 7312K, committed 8000K, reserved 1048576K
}
Event: 1255.306 GC heap after
{Heap after GC invocations=421 (full 3):
 PSYoungGen      total 2560K, used 218K [0x00000000d5580000, 0x00000000d5980000, 0x0000000100000000)
  eden space 2048K, 0% used [0x00000000d5580000,0x00000000d5580000,0x00000000d5780000)
  from space 512K, 42% used [0x00000000d5900000,0x00000000d5936900,0x00000000d5980000)
  to   space 512K, 0% used [0x00000000d5880000,0x00000000d5880000,0x00000000d5900000)
 ParOldGen       total 410112K, used 409620K [0x0000000080000000, 0x0000000099080000, 0x00000000d5580000)
  object space 410112K, 99% used [0x0000000080000000,0x0000000099005128,0x0000000099080000)
 Metaspace       used 72188K, committed 73728K, reserved 1179648K
  class space    used 7312K, committed 8000K, reserved 1048576K
}
Event: 1255.650 GC heap before
{Heap before GC invocations=422 (full 3):
 PSYoungGen      total 2560K, used 2266K [0x00000000d5580000, 0x00000000d5980000, 0x0000000100000000)
  eden space 2048K, 100% used [0x00000000d5580000,0x00000000d5780000,0x00000000d5780000)
  from space 512K, 42% used [0x00000000d5900000,0x00000000d5936900,0x00000000d5980000)
  to   space 512K, 0% used [0x00000000d5880000,0x00000000d5880000,0x00000000d5900000)
 ParOldGen       total 410112K, used 409620K [0x0000000080000000, 0x0000000099080000, 0x00000000d5580000)
  object space 410112K, 99% used [0x0000000080000000,0x0000000099005128,0x0000000099080000)
 Metaspace       used 72191K, committed 73728K, reserved 1179648K
  class space    used 7312K, committed 8000K, reserved 1048576K
}
Event: 1255.657 GC heap after
{Heap after GC invocations=422 (full 3):
 PSYoungGen      total 2560K, used 496K [0x00000000d5580000, 0x00000000d5980000, 0x0000000100000000)
  eden space 2048K, 0% used [0x00000000d5580000,0x00000000d5580000,0x00000000d5780000)
  from space 512K, 96% used [0x00000000d5880000,0x00000000d58fc010,0x00000000d5900000)
  to   space 512K, 0% used [0x00000000d5900000,0x00000000d5900000,0x00000000d5980000)
 ParOldGen       total 410112K, used 409776K [0x0000000080000000, 0x0000000099080000, 0x00000000d5580000)
  object space 410112K, 99% used [0x0000000080000000,0x000000009902c338,0x0000000099080000)
 Metaspace       used 72191K, committed 73728K, reserved 1179648K
  class space    used 7312K, committed 8000K, reserved 1048576K
}

